# colgem_fitter.py log
# start time: Thu Jan  8 10:16:55 2015
# input file: projects/hivepi/data/SIRTree.n1000.RLRootToTip.timetree.nwk
# annealing settings: tol0=0.020000, mintol=0.010000, decay=0.002500
# MCMC settings: {"phi": {"log": "false", "weight": 1.0, "min": 0.05, "max": 1.0, "initial": 0.2, "prior": "", "sigma": 0.1}, "N": {"log": "true", "weight": 2.0, "min": 200.0, "max": 100000.0, "initial": 2000.0, "prior": "norm(loc=8000, scale=3000)", "sigma": 0.2}, "p": {"log": "false", "weight": 0.0, "min": 0.0, "max": 1.0, "initial": 1.0, "prior": "lognorm(1)", "sigma": 0.0}, "beta": {"log": "true", "weight": 2.0, "min": 0.0, "max": 0.01, "initial": 0.002, "prior": "lognorm(0.5)", "sigma": 0.2}, "gamma": {"log": "false", "weight": 1.0, "min": 0.01, "max": 1.0, "initial": 0.2, "prior": "", "sigma": 0.1}, "t_end": {"log": "false", "weight": 1.0, "min": 13.822800531019794, "max": 15.205080584121776, "initial": 13.822800531019794, "prior": "uniform(loc=520, scale=2600)", "sigma": 0.5}}
# kernel settings: decay=0.350000 normalize=mean tau=0.500000 
state	score	N	beta	gamma	p	phi	t_end
0	0.727574378343	2000.0	0.002	0.2	1.0	0.2	13.822800531
1	0.727574378343	2000.0	0.002	0.2	1.0	0.2	13.822800531
2	0.850028971578	1602.76435299	0.00166746194905	0.18718440783	1.0	0.309406099036	14.404767272
3	0.850028971578	1602.76435299	0.00166746194905	0.18718440783	1.0	0.309406099036	14.404767272
4	0.850028971578	1602.76435299	0.00166746194905	0.18718440783	1.0	0.309406099036	14.404767272
5	0.850028971578	1602.76435299	0.00166746194905	0.18718440783	1.0	0.309406099036	14.404767272
6	0.850028971578	1602.76435299	0.00166746194905	0.18718440783	1.0	0.309406099036	14.404767272
7	0.849640401101	1439.77380354	0.00188437977415	0.289616168831	1.0	0.246113986179	14.1586550375
8	0.895204858115	1143.46636915	0.00183441319233	0.321108839081	1.0	0.255386134141	14.1337615137
9	0.914522712818	1018.53982337	0.00161534753967	0.371829487339	1.0	0.292492526984	13.8499518043
10	0.914522712818	1018.53982337	0.00161534753967	0.371829487339	1.0	0.292492526984	13.8499518043
11	0.897667713443	1192.85911111	0.00178950757261	0.247328867578	1.0	0.326714514197	14.300706238
12	0.915796780654	928.860796156	0.00173181962678	0.139061287999	1.0	0.336507351392	14.4355241535
13	0.915796780654	928.860796156	0.00173181962678	0.139061287999	1.0	0.336507351392	14.4355241535
14	0.924738703227	1161.7425434	0.00130950964324	0.0739005125764	1.0	0.421914918924	14.4488449381
15	0.924738703227	1161.7425434	0.00130950964324	0.0739005125764	1.0	0.421914918924	14.4488449381
16	0.924738703227	1161.7425434	0.00130950964324	0.0739005125764	1.0	0.421914918924	14.4488449381
17	0.923178497288	1322.16012766	0.00125909742572	0.0430290104654	1.0	0.474527748823	14.0831039984
18	0.922481060792	1592.23704929	0.00108839362576	0.0313562572	1.0	0.480459869331	14.8892415975
19	0.928991122238	1511.05839083	0.000810462139853	0.223734088299	1.0	0.418813394882	14.931323009
20	0.933167550417	1485.97405463	0.00076261200331	0.197541189258	1.0	0.27159243309	14.8113170634
21	0.928586422082	1324.64973028	0.000845979037494	0.179790836199	1.0	0.18481902095	14.7602008686
22	0.921731765123	1595.82111001	0.000928123728129	0.0896327411883	1.0	0.327218538628	14.1945456096
23	0.921185840215	2146.8400155	0.000833593780836	0.174698178525	1.0	0.355837827531	14.3912677228
24	0.921185840215	2146.8400155	0.000833593780836	0.174698178525	1.0	0.355837827531	14.3912677228
25	0.937659692051	1718.72803386	0.000701424673183	0.198907791298	1.0	0.220410194723	13.9926859067
26	0.937659692051	1718.72803386	0.000701424673183	0.198907791298	1.0	0.220410194723	13.9926859067
27	0.937659692051	1718.72803386	0.000701424673183	0.198907791298	1.0	0.220410194723	13.9926859067
28	0.937659692051	1718.72803386	0.000701424673183	0.198907791298	1.0	0.220410194723	13.9926859067
29	0.937659692051	1718.72803386	0.000701424673183	0.198907791298	1.0	0.220410194723	13.9926859067
30	0.937659692051	1718.72803386	0.000701424673183	0.198907791298	1.0	0.220410194723	13.9926859067
31	0.932100304289	1878.60708816	0.000546215178057	0.316725482844	1.0	0.212742829384	13.9524767682
32	0.932100304289	1878.60708816	0.000546215178057	0.316725482844	1.0	0.212742829384	13.9524767682
33	0.930065849116	2052.93229947	0.000526485550596	0.324282460674	1.0	0.178856757906	13.9114221559
34	0.919056113261	1399.04065494	0.000477673684301	0.187738917513	1.0	0.228443009986	14.5259303068
35	0.942803693121	2432.20712943	0.000493169176262	0.0985544804947	1.0	0.242101261424	14.5025204949
36	0.942803693121	2432.20712943	0.000493169176262	0.0985544804947	1.0	0.242101261424	14.5025204949
37	0.949019719378	2620.21319119	0.000350708301536	0.125866037292	1.0	0.221189582782	14.7949862975
38	0.949019719378	2620.21319119	0.000350708301536	0.125866037292	1.0	0.221189582782	14.7949862975
39	0.949019719378	2620.21319119	0.000350708301536	0.125866037292	1.0	0.221189582782	14.7949862975
40	0.949019719378	2620.21319119	0.000350708301536	0.125866037292	1.0	0.221189582782	14.7949862975
41	0.947688732475	2506.30182768	0.000323997117865	0.17086144186	1.0	0.163766740144	15.0173013434
42	0.941345278584	2596.77411944	0.000423338751344	0.165747222954	1.0	0.185011914388	15.0878122974
43	0.941345278584	2596.77411944	0.000423338751344	0.165747222954	1.0	0.185011914388	15.0878122974
44	0.941345278584	2596.77411944	0.000423338751344	0.165747222954	1.0	0.185011914388	15.0878122974
45	0.941345278584	2596.77411944	0.000423338751344	0.165747222954	1.0	0.185011914388	15.0878122974
46	0.939111404353	2741.28839233	0.000492914162178	0.25198328159	1.0	0.257626029592	14.5619635334
47	0.95021254391	2604.38760353	0.000327384870749	0.134676970305	1.0	0.242515964879	14.4906913794
48	0.95021254391	2604.38760353	0.000327384870749	0.134676970305	1.0	0.242515964879	14.4906913794
49	0.947739158914	2510.57566849	0.00040260563963	0.182630688213	1.0	0.231462617988	14.7225701462
50	0.947739158914	2510.57566849	0.00040260563963	0.182630688213	1.0	0.231462617988	14.7225701462
51	0.947739158914	2510.57566849	0.00040260563963	0.182630688213	1.0	0.231462617988	14.7225701462
52	0.947739158914	2510.57566849	0.00040260563963	0.182630688213	1.0	0.231462617988	14.7225701462
53	0.910143004919	1983.97637854	0.000343368666917	0.203106157464	1.0	0.338638769524	14.6507186962
54	0.929394201066	1579.29564037	0.000458099292876	0.14800187769	1.0	0.248558752748	14.493885947
55	0.929394201066	1579.29564037	0.000458099292876	0.14800187769	1.0	0.248558752748	14.493885947
56	0.929817015929	2245.24437428	0.000367563165484	0.17005798227	1.0	0.0977908907187	14.1275953443
57	0.929817015929	2245.24437428	0.000367563165484	0.17005798227	1.0	0.0977908907187	14.1275953443
58	0.929817015929	2245.24437428	0.000367563165484	0.17005798227	1.0	0.0977908907187	14.1275953443
59	0.929817015929	2245.24437428	0.000367563165484	0.17005798227	1.0	0.0977908907187	14.1275953443
60	0.929817015929	2245.24437428	0.000367563165484	0.17005798227	1.0	0.0977908907187	14.1275953443
61	0.929817015929	2245.24437428	0.000367563165484	0.17005798227	1.0	0.0977908907187	14.1275953443
62	0.929817015929	2245.24437428	0.000367563165484	0.17005798227	1.0	0.0977908907187	14.1275953443
63	0.923219771895	2125.32176332	0.000414117524119	0.10006377796	1.0	0.108338795019	14.6289168565
64	0.938735590838	2053.43877007	0.000383986267359	0.0486582649349	1.0	0.404185744681	14.7304170343
65	0.938735590838	2053.43877007	0.000383986267359	0.0486582649349	1.0	0.404185744681	14.7304170343
66	0.945823423635	2139.64759171	0.000549381111001	0.104579856766	1.0	0.384860991325	14.9996316567
67	0.945823423635	2139.64759171	0.000549381111001	0.104579856766	1.0	0.384860991325	14.9996316567
68	0.948424762811	2499.56735346	0.00051096682623	0.0692756388479	1.0	0.351785268628	14.7058023174
69	0.950676439588	2268.55590374	0.000398559818341	0.0830926528608	1.0	0.264467772257	14.4872284184
70	0.954353913557	3145.26971611	0.000307154605781	0.0218752266896	1.0	0.251946541771	14.586618496
71	0.954353913557	3145.26971611	0.000307154605781	0.0218752266896	1.0	0.251946541771	14.586618496
72	0.954353913557	3145.26971611	0.000307154605781	0.0218752266896	1.0	0.251946541771	14.586618496
73	0.946644172788	2603.03360643	0.00041172490259	0.0689008861578	1.0	0.433074178847	14.8039400521
74	0.946761189991	4231.70834	0.000303779100755	0.242762528303	1.0	0.414522002482	14.6674503271
75	0.946826473653	3736.90175158	0.000388470996827	0.209963736087	1.0	0.503878441187	15.1471526202
76	0.946826473653	3736.90175158	0.000388470996827	0.209963736087	1.0	0.503878441187	15.1471526202
77	0.946826473653	3736.90175158	0.000388470996827	0.209963736087	1.0	0.503878441187	15.1471526202
78	0.936612688671	3198.30676985	0.00056126557116	0.289842559275	1.0	0.621008342719	15.0829280466
79	0.936612688671	3198.30676985	0.00056126557116	0.289842559275	1.0	0.621008342719	15.0829280466
80	0.936957308603	3107.98071635	0.000502486522461	0.245934726551	1.0	0.547983581077	14.8953875084
81	0.939682985527	3957.65705598	0.000442119709897	0.318017649196	1.0	0.454307193986	15.2027030427
82	0.941303160222	3852.97221217	0.000413194801265	0.334688502711	1.0	0.297378826223	14.1445853761
83	0.941303160222	3852.97221217	0.000413194801265	0.334688502711	1.0	0.297378826223	14.1445853761
84	0.943468489741	2630.99421737	0.000367243452887	0.218119150843	1.0	0.242634353809	13.8384297456
85	0.943468489741	2630.99421737	0.000367243452887	0.218119150843	1.0	0.242634353809	13.8384297456
86	0.939009507708	2179.20592242	0.00058639636432	0.242800372358	1.0	0.290284221996	14.030463128
87	0.94146634232	2188.78196355	0.000451265033837	0.131530252024	1.0	0.358127840686	14.1594673109
88	0.937800024982	1934.02592601	0.000559183876392	0.105559392697	1.0	0.470863615667	13.971911826
89	0.937800024982	1934.02592601	0.000559183876392	0.105559392697	1.0	0.470863615667	13.971911826
90	0.935584563813	1857.53616343	0.000480496255993	0.150165792791	1.0	0.325181447101	14.1498777501
91	0.953337147783	2401.66027457	0.000383510101561	0.10210209906	1.0	0.264108313647	13.9613059467
92	0.953337147783	2401.66027457	0.000383510101561	0.10210209906	1.0	0.264108313647	13.9613059467
93	0.953337147783	2401.66027457	0.000383510101561	0.10210209906	1.0	0.264108313647	13.9613059467
94	0.953337147783	2401.66027457	0.000383510101561	0.10210209906	1.0	0.264108313647	13.9613059467
95	0.953337147783	2401.66027457	0.000383510101561	0.10210209906	1.0	0.264108313647	13.9613059467
96	0.953337147783	2401.66027457	0.000383510101561	0.10210209906	1.0	0.264108313647	13.9613059467
97	0.953337147783	2401.66027457	0.000383510101561	0.10210209906	1.0	0.264108313647	13.9613059467
98	0.953337147783	2401.66027457	0.000383510101561	0.10210209906	1.0	0.264108313647	13.9613059467
99	0.953337147783	2401.66027457	0.000383510101561	0.10210209906	1.0	0.264108313647	13.9613059467
100	0.953337147783	2401.66027457	0.000383510101561	0.10210209906	1.0	0.264108313647	13.9613059467
101	0.953337147783	2401.66027457	0.000383510101561	0.10210209906	1.0	0.264108313647	13.9613059467
102	0.953337147783	2401.66027457	0.000383510101561	0.10210209906	1.0	0.264108313647	13.9613059467
103	0.953337147783	2401.66027457	0.000383510101561	0.10210209906	1.0	0.264108313647	13.9613059467
104	0.953337147783	2401.66027457	0.000383510101561	0.10210209906	1.0	0.264108313647	13.9613059467
105	0.953337147783	2401.66027457	0.000383510101561	0.10210209906	1.0	0.264108313647	13.9613059467
106	0.953337147783	2401.66027457	0.000383510101561	0.10210209906	1.0	0.264108313647	13.9613059467
107	0.953337147783	2401.66027457	0.000383510101561	0.10210209906	1.0	0.264108313647	13.9613059467
108	0.946169102398	2879.85638512	0.000302540250904	0.107283081493	1.0	0.343882095248	13.875819442
109	0.948003811889	2348.83698965	0.000349939431792	0.0774778401998	1.0	0.30598979736	13.8692401741
110	0.948003811889	2348.83698965	0.000349939431792	0.0774778401998	1.0	0.30598979736	13.8692401741
111	0.946357721527	2196.36960565	0.000403042597645	0.158309937398	1.0	0.217986379199	14.2726553719
112	0.946357721527	2196.36960565	0.000403042597645	0.158309937398	1.0	0.217986379199	14.2726553719
113	0.946357721527	2196.36960565	0.000403042597645	0.158309937398	1.0	0.217986379199	14.2726553719
114	0.949545571679	2215.39981293	0.000466994580208	0.0538209022561	1.0	0.292269166671	14.9125354348
115	0.949545571679	2215.39981293	0.000466994580208	0.0538209022561	1.0	0.292269166671	14.9125354348
116	0.948713940887	2286.05842382	0.000539148804786	0.0854350003502	1.0	0.394624286816	14.6739979746
117	0.9512437972	2662.30095133	0.000464704858245	0.045898163458	1.0	0.460719916558	14.6867389568
118	0.9512437972	2662.30095133	0.000464704858245	0.045898163458	1.0	0.460719916558	14.6867389568
119	0.9512437972	2662.30095133	0.000464704858245	0.045898163458	1.0	0.460719916558	14.6867389568
120	0.9512437972	2662.30095133	0.000464704858245	0.045898163458	1.0	0.460719916558	14.6867389568
121	0.9512437972	2662.30095133	0.000464704858245	0.045898163458	1.0	0.460719916558	14.6867389568
122	0.947424218024	2367.9566692	0.000584173868029	0.0819472725281	1.0	0.493750922795	14.7145337739
123	0.941872285977	2705.55622609	0.000464227114315	0.0537937348703	1.0	0.568787567835	14.2291876729
124	0.941872285977	2705.55622609	0.000464227114315	0.0537937348703	1.0	0.568787567835	14.2291876729
125	0.941872285977	2705.55622609	0.000464227114315	0.0537937348703	1.0	0.568787567835	14.2291876729
126	0.941872285977	2705.55622609	0.000464227114315	0.0537937348703	1.0	0.568787567835	14.2291876729
127	0.945989978819	3332.2079006	0.000461718280136	0.112470199964	1.0	0.588366697133	14.8045359101
128	0.946663949827	3469.41749341	0.00030973146213	0.0326606255641	1.0	0.545861988839	14.7729648204
129	0.946663949827	3469.41749341	0.00030973146213	0.0326606255641	1.0	0.545861988839	14.7729648204
130	0.948672980917	3591.14408915	0.000305375880394	0.0133204941069	1.0	0.533245314887	14.5848464815
131	0.948672980917	3591.14408915	0.000305375880394	0.0133204941069	1.0	0.533245314887	14.5848464815
132	0.943542574808	3236.78497228	0.000293423379231	0.0987687901257	1.0	0.451389493586	14.7692042407
133	0.943542574808	3236.78497228	0.000293423379231	0.0987687901257	1.0	0.451389493586	14.7692042407
134	0.943542574808	3236.78497228	0.000293423379231	0.0987687901257	1.0	0.451389493586	14.7692042407
135	0.943542574808	3236.78497228	0.000293423379231	0.0987687901257	1.0	0.451389493586	14.7692042407
136	0.943542574808	3236.78497228	0.000293423379231	0.0987687901257	1.0	0.451389493586	14.7692042407
137	0.943542574808	3236.78497228	0.000293423379231	0.0987687901257	1.0	0.451389493586	14.7692042407
138	0.943542574808	3236.78497228	0.000293423379231	0.0987687901257	1.0	0.451389493586	14.7692042407
139	0.958687519483	3832.7796723	0.00028200349615	0.0165055128218	1.0	0.424901766032	14.178885029
140	0.957274390783	3745.53012669	0.000236339859445	0.0271264571628	1.0	0.30611552998	14.3399515696
141	0.958598290127	3405.92298772	0.000282504319169	0.0321491435369	1.0	0.328609229446	14.198654934
142	0.958598290127	3405.92298772	0.000282504319169	0.0321491435369	1.0	0.328609229446	14.198654934
143	0.958598290127	3405.92298772	0.000282504319169	0.0321491435369	1.0	0.328609229446	14.198654934
144	0.95486427161	4327.08576669	0.000296232116407	0.131245673758	1.0	0.414310277701	14.1922775479
145	0.95486427161	4327.08576669	0.000296232116407	0.131245673758	1.0	0.414310277701	14.1922775479
146	0.95486427161	4327.08576669	0.000296232116407	0.131245673758	1.0	0.414310277701	14.1922775479
147	0.95486427161	4327.08576669	0.000296232116407	0.131245673758	1.0	0.414310277701	14.1922775479
148	0.95486427161	4327.08576669	0.000296232116407	0.131245673758	1.0	0.414310277701	14.1922775479
149	0.95486427161	4327.08576669	0.000296232116407	0.131245673758	1.0	0.414310277701	14.1922775479
150	0.95486427161	4327.08576669	0.000296232116407	0.131245673758	1.0	0.414310277701	14.1922775479
151	0.950613225062	4519.04921446	0.000326366615691	0.173166766366	1.0	0.443141718206	14.3957923788
152	0.958083129031	4302.12656897	0.000266725021766	0.0995203551346	1.0	0.38799426834	14.4287717156
153	0.958083129031	4302.12656897	0.000266725021766	0.0995203551346	1.0	0.38799426834	14.4287717156
154	0.946770456938	3609.16217381	0.000264389836494	0.0788947624727	1.0	0.428516129735	14.5125072508
155	0.932067852911	3018.50482882	0.000301182296042	0.131901767475	1.0	0.511293426875	14.3989171262
156	0.958135016889	5764.22265194	0.000229975561852	0.0613489708373	1.0	0.567318420987	14.0489214961
157	0.953670668701	4725.68025223	0.00031045952343	0.0108988363074	1.0	0.596226044346	14.0498374251
158	0.953670668701	4725.68025223	0.00031045952343	0.0108988363074	1.0	0.596226044346	14.0498374251
159	0.953670668701	4725.68025223	0.00031045952343	0.0108988363074	1.0	0.596226044346	14.0498374251
160	0.955901994339	4982.50743553	0.000260076492291	0.0336160151448	1.0	0.513502471299	14.8632962844
161	0.95614762666	7764.69347779	0.00018307762254	0.129203220563	1.0	0.610764980859	14.4205862743
162	0.956254383498	8219.44983522	0.000172772842837	0.0648377441608	1.0	0.693616275447	14.3720885504
163	0.956195089723	8983.54442779	0.000168034357393	0.105171125133	1.0	0.574853662345	14.2674566949
164	0.956195089723	8983.54442779	0.000168034357393	0.105171125133	1.0	0.574853662345	14.2674566949
165	0.956195089723	8983.54442779	0.000168034357393	0.105171125133	1.0	0.574853662345	14.2674566949
166	0.956195089723	8983.54442779	0.000168034357393	0.105171125133	1.0	0.574853662345	14.2674566949
167	0.957216482133	11298.101729	0.000121288482503	0.2118098817	1.0	0.535155211762	14.4729752598
168	0.957216482133	11298.101729	0.000121288482503	0.2118098817	1.0	0.535155211762	14.4729752598
169	0.957216482133	11298.101729	0.000121288482503	0.2118098817	1.0	0.535155211762	14.4729752598
170	0.957216482133	11298.101729	0.000121288482503	0.2118098817	1.0	0.535155211762	14.4729752598
171	0.957216482133	11298.101729	0.000121288482503	0.2118098817	1.0	0.535155211762	14.4729752598
172	0.957216482133	11298.101729	0.000121288482503	0.2118098817	1.0	0.535155211762	14.4729752598
173	0.957216482133	11298.101729	0.000121288482503	0.2118098817	1.0	0.535155211762	14.4729752598
174	0.957216482133	11298.101729	0.000121288482503	0.2118098817	1.0	0.535155211762	14.4729752598
175	0.957216482133	11298.101729	0.000121288482503	0.2118098817	1.0	0.535155211762	14.4729752598
176	0.955473367604	11974.7010163	0.000137254588376	0.40344340496	1.0	0.480115247938	14.4965913806
177	0.952727095088	9540.7125807	0.00014670119015	0.387394167912	1.0	0.379222064631	14.1069621807
178	0.957289776919	13187.2304542	0.000102533638655	0.36330427684	1.0	0.314586716148	14.9316316432
179	0.962729697746	12514.9255823	9.32474355492e-05	0.0870765900656	1.0	0.439089920143	14.8802367883
180	0.962729697746	12514.9255823	9.32474355492e-05	0.0870765900656	1.0	0.439089920143	14.8802367883
181	0.962729697746	12514.9255823	9.32474355492e-05	0.0870765900656	1.0	0.439089920143	14.8802367883
182	0.958891568405	12989.9565154	9.10052588055e-05	0.157552280979	1.0	0.428379588821	14.2260428148
183	0.958891568405	12989.9565154	9.10052588055e-05	0.157552280979	1.0	0.428379588821	14.2260428148
184	0.958813570776	12222.188636	8.98498952753e-05	0.0770284448864	1.0	0.489325163794	14.0722210009
185	0.958813570776	12222.188636	8.98498952753e-05	0.0770284448864	1.0	0.489325163794	14.0722210009
186	0.958813570776	12222.188636	8.98498952753e-05	0.0770284448864	1.0	0.489325163794	14.0722210009
187	0.958813570776	12222.188636	8.98498952753e-05	0.0770284448864	1.0	0.489325163794	14.0722210009
188	0.958813570776	12222.188636	8.98498952753e-05	0.0770284448864	1.0	0.489325163794	14.0722210009
189	0.958886469624	12058.7860842	0.000109624473504	0.126569075369	1.0	0.624089728202	14.0710496173
190	0.958886469624	12058.7860842	0.000109624473504	0.126569075369	1.0	0.624089728202	14.0710496173
191	0.958886469624	12058.7860842	0.000109624473504	0.126569075369	1.0	0.624089728202	14.0710496173
192	0.958886469624	12058.7860842	0.000109624473504	0.126569075369	1.0	0.624089728202	14.0710496173
193	0.955504184091	15489.1780621	0.000118784699362	0.0679764933527	1.0	0.871502586904	14.547061223
194	0.955504184091	15489.1780621	0.000118784699362	0.0679764933527	1.0	0.871502586904	14.547061223
195	0.959653868762	15212.9563626	0.000113298493138	0.0804309507268	1.0	0.933828531834	14.4619768041
196	0.959653868762	15212.9563626	0.000113298493138	0.0804309507268	1.0	0.933828531834	14.4619768041
197	0.959653868762	15212.9563626	0.000113298493138	0.0804309507268	1.0	0.933828531834	14.4619768041
198	0.959653868762	15212.9563626	0.000113298493138	0.0804309507268	1.0	0.933828531834	14.4619768041
199	0.959653868762	15212.9563626	0.000113298493138	0.0804309507268	1.0	0.933828531834	14.4619768041
200	0.959653868762	15212.9563626	0.000113298493138	0.0804309507268	1.0	0.933828531834	14.4619768041
201	0.959653868762	15212.9563626	0.000113298493138	0.0804309507268	1.0	0.933828531834	14.4619768041
202	0.959653868762	15212.9563626	0.000113298493138	0.0804309507268	1.0	0.933828531834	14.4619768041
203	0.959653868762	15212.9563626	0.000113298493138	0.0804309507268	1.0	0.933828531834	14.4619768041
204	0.959653868762	15212.9563626	0.000113298493138	0.0804309507268	1.0	0.933828531834	14.4619768041
205	0.959653868762	15212.9563626	0.000113298493138	0.0804309507268	1.0	0.933828531834	14.4619768041
206	0.959653868762	15212.9563626	0.000113298493138	0.0804309507268	1.0	0.933828531834	14.4619768041
207	0.959653868762	15212.9563626	0.000113298493138	0.0804309507268	1.0	0.933828531834	14.4619768041
208	0.959653868762	15212.9563626	0.000113298493138	0.0804309507268	1.0	0.933828531834	14.4619768041
209	0.957162368147	18101.5468355	0.000114196766511	0.234525817427	1.0	0.988364246217	14.074790653
210	0.957162368147	18101.5468355	0.000114196766511	0.234525817427	1.0	0.988364246217	14.074790653
211	0.933132106945	16639.8750081	0.000136957858074	0.0840256824778	1.0	0.972644733434	14.0690627226
212	0.933132106945	16639.8750081	0.000136957858074	0.0840256824778	1.0	0.972644733434	14.0690627226
213	0.933132106945	16639.8750081	0.000136957858074	0.0840256824778	1.0	0.972644733434	14.0690627226
214	0.933132106945	16639.8750081	0.000136957858074	0.0840256824778	1.0	0.972644733434	14.0690627226
215	0.933132106945	16639.8750081	0.000136957858074	0.0840256824778	1.0	0.972644733434	14.0690627226
216	0.948604579054	16561.5165777	0.000122982923561	0.0582091461388	1.0	0.962020498755	14.1764066606
217	0.960473964151	14166.0911138	0.000117014565752	0.0616013860531	1.0	0.8853774283	14.2384577034
218	0.960473964151	14166.0911138	0.000117014565752	0.0616013860531	1.0	0.8853774283	14.2384577034
219	0.960473964151	14166.0911138	0.000117014565752	0.0616013860531	1.0	0.8853774283	14.2384577034
220	0.960473964151	14166.0911138	0.000117014565752	0.0616013860531	1.0	0.8853774283	14.2384577034
221	0.960473964151	14166.0911138	0.000117014565752	0.0616013860531	1.0	0.8853774283	14.2384577034
222	0.960473964151	14166.0911138	0.000117014565752	0.0616013860531	1.0	0.8853774283	14.2384577034
223	0.960473964151	14166.0911138	0.000117014565752	0.0616013860531	1.0	0.8853774283	14.2384577034
224	0.960473964151	14166.0911138	0.000117014565752	0.0616013860531	1.0	0.8853774283	14.2384577034
225	0.960635645044	14996.8253548	0.000113822377663	0.0376767343744	1.0	0.892287576287	14.3194335743
226	0.960149257459	17186.3903257	8.46226849098e-05	0.0490322700001	1.0	0.690896721703	14.7288667606
227	0.960149257459	17186.3903257	8.46226849098e-05	0.0490322700001	1.0	0.690896721703	14.7288667606
228	0.960149257459	17186.3903257	8.46226849098e-05	0.0490322700001	1.0	0.690896721703	14.7288667606
229	0.960149257459	17186.3903257	8.46226849098e-05	0.0490322700001	1.0	0.690896721703	14.7288667606
230	0.960149257459	17186.3903257	8.46226849098e-05	0.0490322700001	1.0	0.690896721703	14.7288667606
231	0.951988194541	18321.6842513	9.2492984151e-05	0.0673034872235	1.0	0.762415435391	14.7244176534
232	0.951988194541	18321.6842513	9.2492984151e-05	0.0673034872235	1.0	0.762415435391	14.7244176534
233	0.951988194541	18321.6842513	9.2492984151e-05	0.0673034872235	1.0	0.762415435391	14.7244176534
234	0.951988194541	18321.6842513	9.2492984151e-05	0.0673034872235	1.0	0.762415435391	14.7244176534
235	0.961760577576	18108.9141852	7.81527643072e-05	0.111179304861	1.0	0.659195718437	14.9916071952
236	0.961760577576	18108.9141852	7.81527643072e-05	0.111179304861	1.0	0.659195718437	14.9916071952
237	0.961760577576	18108.9141852	7.81527643072e-05	0.111179304861	1.0	0.659195718437	14.9916071952
238	0.959251934734	14990.2665252	8.75912216957e-05	0.20933270677	1.0	0.479195473882	14.6022555818
239	0.959251934734	14990.2665252	8.75912216957e-05	0.20933270677	1.0	0.479195473882	14.6022555818
240	0.959251934734	14990.2665252	8.75912216957e-05	0.20933270677	1.0	0.479195473882	14.6022555818
241	0.959251934734	14990.2665252	8.75912216957e-05	0.20933270677	1.0	0.479195473882	14.6022555818
242	0.959251934734	14990.2665252	8.75912216957e-05	0.20933270677	1.0	0.479195473882	14.6022555818
243	0.959251934734	14990.2665252	8.75912216957e-05	0.20933270677	1.0	0.479195473882	14.6022555818
244	0.957313305712	13228.9358931	7.48259078576e-05	0.0914165687695	1.0	0.29644300415	14.2692274327
245	0.948182694724	11027.080526	9.0645481631e-05	0.0735368263749	1.0	0.259937917486	14.5535690964
246	0.957736070482	9633.07838494	9.04226100451e-05	0.0492559412348	1.0	0.340757375618	14.7392463125
247	0.957736070482	9633.07838494	9.04226100451e-05	0.0492559412348	1.0	0.340757375618	14.7392463125
248	0.958139223309	8818.6606446	0.000111888074484	0.0915696130862	1.0	0.376854192643	14.0564482466
249	0.958139223309	8818.6606446	0.000111888074484	0.0915696130862	1.0	0.376854192643	14.0564482466
250	0.958139223309	8818.6606446	0.000111888074484	0.0915696130862	1.0	0.376854192643	14.0564482466
251	0.957438547269	8816.53912118	0.000142495487004	0.143195126663	1.0	0.376105361726	13.914079128
252	0.957438547269	8816.53912118	0.000142495487004	0.143195126663	1.0	0.376105361726	13.914079128
253	0.957438547269	8816.53912118	0.000142495487004	0.143195126663	1.0	0.376105361726	13.914079128
254	0.957438547269	8816.53912118	0.000142495487004	0.143195126663	1.0	0.376105361726	13.914079128
255	0.957438547269	8816.53912118	0.000142495487004	0.143195126663	1.0	0.376105361726	13.914079128
256	0.957438547269	8816.53912118	0.000142495487004	0.143195126663	1.0	0.376105361726	13.914079128
257	0.94345019214	11900.7400326	0.000114239568777	0.15757653293	1.0	0.370362347602	14.263906597
258	0.94345019214	11900.7400326	0.000114239568777	0.15757653293	1.0	0.370362347602	14.263906597
259	0.94345019214	11900.7400326	0.000114239568777	0.15757653293	1.0	0.370362347602	14.263906597
260	0.94345019214	11900.7400326	0.000114239568777	0.15757653293	1.0	0.370362347602	14.263906597
261	0.957306562173	11938.3115698	0.000105901926124	0.18277116144	1.0	0.527376038815	14.9736106492
262	0.957306562173	11938.3115698	0.000105901926124	0.18277116144	1.0	0.527376038815	14.9736106492
263	0.957306562173	11938.3115698	0.000105901926124	0.18277116144	1.0	0.527376038815	14.9736106492
264	0.955151086961	14327.290578	8.03445762682e-05	0.103324950662	1.0	0.553917110698	14.2569457813
265	0.955151086961	14327.290578	8.03445762682e-05	0.103324950662	1.0	0.553917110698	14.2569457813
266	0.955151086961	14327.290578	8.03445762682e-05	0.103324950662	1.0	0.553917110698	14.2569457813
267	0.943527477179	17614.3504621	0.000103852210432	0.224270498567	1.0	0.636224825672	14.7133596981
268	0.943527477179	17614.3504621	0.000103852210432	0.224270498567	1.0	0.636224825672	14.7133596981
269	0.943527477179	17614.3504621	0.000103852210432	0.224270498567	1.0	0.636224825672	14.7133596981
270	0.943527477179	17614.3504621	0.000103852210432	0.224270498567	1.0	0.636224825672	14.7133596981
271	0.943527477179	17614.3504621	0.000103852210432	0.224270498567	1.0	0.636224825672	14.7133596981
272	0.957359936685	15983.6414797	8.77948233456e-05	0.240098420043	1.0	0.542129429259	14.4589560745
273	0.957359936685	15983.6414797	8.77948233456e-05	0.240098420043	1.0	0.542129429259	14.4589560745
274	0.955995765629	10459.4416884	0.00012699860627	0.188048677394	1.0	0.388475313077	14.2430585177
275	0.955995765629	10459.4416884	0.00012699860627	0.188048677394	1.0	0.388475313077	14.2430585177
276	0.955995765629	10459.4416884	0.00012699860627	0.188048677394	1.0	0.388475313077	14.2430585177
277	0.956399380256	9898.76677864	0.000134977212757	0.285059972363	1.0	0.428588600613	14.0015155369
278	0.956399380256	9898.76677864	0.000134977212757	0.285059972363	1.0	0.428588600613	14.0015155369
279	0.956399380256	9898.76677864	0.000134977212757	0.285059972363	1.0	0.428588600613	14.0015155369
280	0.956399380256	9898.76677864	0.000134977212757	0.285059972363	1.0	0.428588600613	14.0015155369
281	0.930446167273	10376.0148012	0.000133558024112	0.141444378943	1.0	0.360360375161	15.0798587994
282	0.930446167273	10376.0148012	0.000133558024112	0.141444378943	1.0	0.360360375161	15.0798587994
283	0.930446167273	10376.0148012	0.000133558024112	0.141444378943	1.0	0.360360375161	15.0798587994
284	0.946647299828	9638.45115792	9.09069514842e-05	0.0995708865764	1.0	0.415194796401	15.1880148951
285	0.946647299828	9638.45115792	9.09069514842e-05	0.0995708865764	1.0	0.415194796401	15.1880148951
286	0.946281949262	9774.3376235	8.40851447781e-05	0.0509614169634	1.0	0.438676669985	14.9037194987
287	0.946281949262	9774.3376235	8.40851447781e-05	0.0509614169634	1.0	0.438676669985	14.9037194987
288	0.946281949262	9774.3376235	8.40851447781e-05	0.0509614169634	1.0	0.438676669985	14.9037194987
289	0.946281949262	9774.3376235	8.40851447781e-05	0.0509614169634	1.0	0.438676669985	14.9037194987
290	0.92623953518	11006.0534623	7.030131813e-05	0.135919507671	1.0	0.478065259502	15.0257123118
291	0.92623953518	11006.0534623	7.030131813e-05	0.135919507671	1.0	0.478065259502	15.0257123118
292	0.930782710985	10609.9751214	6.7723768335e-05	0.0864262229965	1.0	0.430937529049	14.6739126972
293	0.930782710985	10609.9751214	6.7723768335e-05	0.0864262229965	1.0	0.430937529049	14.6739126972
294	0.930782710985	10609.9751214	6.7723768335e-05	0.0864262229965	1.0	0.430937529049	14.6739126972
295	0.941150877024	10920.827857	8.92096385083e-05	0.0854315435347	1.0	0.52175744304	14.9142638683
296	0.941150877024	10920.827857	8.92096385083e-05	0.0854315435347	1.0	0.52175744304	14.9142638683
297	0.95969641363	11099.1205533	0.000105451942856	0.0924498914594	1.0	0.443989885411	14.7330991298
298	0.956785534369	10598.7574391	8.46175332092e-05	0.0178707119414	1.0	0.402892715334	14.5516716399
299	0.959985443644	10192.3480116	0.00011683930776	0.140367832176	1.0	0.376114043503	14.4989509449
300	0.959985443644	10192.3480116	0.00011683930776	0.140367832176	1.0	0.376114043503	14.4989509449
301	0.959985443644	10192.3480116	0.00011683930776	0.140367832176	1.0	0.376114043503	14.4989509449
302	0.959985443644	10192.3480116	0.00011683930776	0.140367832176	1.0	0.376114043503	14.4989509449
303	0.959985443644	10192.3480116	0.00011683930776	0.140367832176	1.0	0.376114043503	14.4989509449
304	0.959985443644	10192.3480116	0.00011683930776	0.140367832176	1.0	0.376114043503	14.4989509449
305	0.959985443644	10192.3480116	0.00011683930776	0.140367832176	1.0	0.376114043503	14.4989509449
306	0.959985443644	10192.3480116	0.00011683930776	0.140367832176	1.0	0.376114043503	14.4989509449
307	0.959985443644	10192.3480116	0.00011683930776	0.140367832176	1.0	0.376114043503	14.4989509449
308	0.959985443644	10192.3480116	0.00011683930776	0.140367832176	1.0	0.376114043503	14.4989509449
309	0.955706255171	7720.63122539	0.000155411187952	0.0163619320426	1.0	0.423620997349	14.6182458243
310	0.959783373114	7549.48862608	0.000155593861471	0.0694030612411	1.0	0.424027523425	14.5988892603
311	0.959783373114	7549.48862608	0.000155593861471	0.0694030612411	1.0	0.424027523425	14.5988892603
312	0.960534435165	7130.02933389	0.00015969999905	0.0452384985517	1.0	0.438300066651	14.2979584086
313	0.959359531953	6612.58562382	0.000122467568853	0.0407378558771	1.0	0.232772478743	14.1468441975
314	0.952566210863	6522.34224102	0.000151380638987	0.12722647987	1.0	0.350941277563	15.1089048
315	0.952566210863	6522.34224102	0.000151380638987	0.12722647987	1.0	0.350941277563	15.1089048
316	0.948903832821	7176.89494712	0.000193530084981	0.21431597382	1.0	0.35202557223	14.7353643879
317	0.948903832821	7176.89494712	0.000193530084981	0.21431597382	1.0	0.35202557223	14.7353643879
318	0.957550298867	6468.62530514	0.000188792729776	0.226811115037	1.0	0.330279577059	14.6992432999
319	0.957550298867	6468.62530514	0.000188792729776	0.226811115037	1.0	0.330279577059	14.6992432999
320	0.957550298867	6468.62530514	0.000188792729776	0.226811115037	1.0	0.330279577059	14.6992432999
321	0.959407271865	5938.26846005	0.000225501647274	0.0897694699081	1.0	0.523094694	14.2056607293
322	0.959407271865	5938.26846005	0.000225501647274	0.0897694699081	1.0	0.523094694	14.2056607293
323	0.949392711163	5748.85375425	0.000244404066545	0.237279557746	1.0	0.494946661783	14.3223592295
324	0.95216064358	6144.29336086	0.000257935822419	0.26254810816	1.0	0.4777339309	14.8959208072
325	0.95216064358	6144.29336086	0.000257935822419	0.26254810816	1.0	0.4777339309	14.8959208072
326	0.95216064358	6144.29336086	0.000257935822419	0.26254810816	1.0	0.4777339309	14.8959208072
327	0.95216064358	6144.29336086	0.000257935822419	0.26254810816	1.0	0.4777339309	14.8959208072
328	0.95216064358	6144.29336086	0.000257935822419	0.26254810816	1.0	0.4777339309	14.8959208072
329	0.95216064358	6144.29336086	0.000257935822419	0.26254810816	1.0	0.4777339309	14.8959208072
330	0.949385995418	7968.60495662	0.000205347150776	0.207966275364	1.0	0.531330947741	15.0119933404
331	0.949385995418	7968.60495662	0.000205347150776	0.207966275364	1.0	0.531330947741	15.0119933404
332	0.950268427852	6426.81403314	0.000221626934297	0.119384337648	1.0	0.665759432574	14.5412136498
333	0.947298430887	7347.55521082	0.00025286884138	0.123322052188	1.0	0.704087728185	14.552130145
334	0.947298430887	7347.55521082	0.00025286884138	0.123322052188	1.0	0.704087728185	14.552130145
335	0.947298430887	7347.55521082	0.00025286884138	0.123322052188	1.0	0.704087728185	14.552130145
336	0.947298430887	7347.55521082	0.00025286884138	0.123322052188	1.0	0.704087728185	14.552130145
337	0.941029797668	7182.55961755	0.000199568440299	0.187533979789	1.0	0.737173358004	14.1617097854
338	0.962423877286	8445.09122439	0.000168029088815	0.051356757288	1.0	0.631481586578	14.0260681465
339	0.962423877286	8445.09122439	0.000168029088815	0.051356757288	1.0	0.631481586578	14.0260681465
340	0.962423877286	8445.09122439	0.000168029088815	0.051356757288	1.0	0.631481586578	14.0260681465
341	0.951695775222	7845.40224172	0.000221298018182	0.071194464501	1.0	0.768286120572	14.1181262581
342	0.95283076198	8690.30379729	0.00022383383106	0.0628585870671	1.0	0.87456431121	14.1088127124
343	0.953879330524	8753.8912136	0.000220794715478	0.0880696345673	1.0	0.864851306127	14.4137996624
344	0.953879330524	8753.8912136	0.000220794715478	0.0880696345673	1.0	0.864851306127	14.4137996624
345	0.950642042077	7567.0622055	0.000215896288694	0.121488503011	1.0	0.845661723527	14.3067677273
346	0.950642042077	7567.0622055	0.000215896288694	0.121488503011	1.0	0.845661723527	14.3067677273
347	0.950642042077	7567.0622055	0.000215896288694	0.121488503011	1.0	0.845661723527	14.3067677273
348	0.950642042077	7567.0622055	0.000215896288694	0.121488503011	1.0	0.845661723527	14.3067677273
349	0.950642042077	7567.0622055	0.000215896288694	0.121488503011	1.0	0.845661723527	14.3067677273
350	0.945958562954	8182.19869312	0.000289918668411	0.1699825651	1.0	0.960204710848	14.3087054462
351	0.945958562954	8182.19869312	0.000289918668411	0.1699825651	1.0	0.960204710848	14.3087054462
352	0.945172631987	9935.05941463	0.000284014791764	0.390489406564	1.0	0.954621834498	14.3034188914
353	0.945172631987	9935.05941463	0.000284014791764	0.390489406564	1.0	0.954621834498	14.3034188914
354	0.945172631987	9935.05941463	0.000284014791764	0.390489406564	1.0	0.954621834498	14.3034188914
355	0.945172631987	9935.05941463	0.000284014791764	0.390489406564	1.0	0.954621834498	14.3034188914
356	0.947618344363	8827.45177744	0.000273001297433	0.436847180217	1.0	0.834835351656	14.8668472531
357	0.93762232159	7197.38026628	0.000259451790249	0.301009443023	1.0	0.834300336037	15.066466242
358	0.951059863228	6842.22538015	0.000262201533414	0.128400138706	1.0	0.725365905375	14.9481674352
359	0.951059863228	6842.22538015	0.000262201533414	0.128400138706	1.0	0.725365905375	14.9481674352
360	0.952053836721	6623.83388762	0.00022715410695	0.19654490013	1.0	0.559854475253	14.960771207
361	0.952053836721	6623.83388762	0.00022715410695	0.19654490013	1.0	0.559854475253	14.960771207
362	0.952536208893	6300.7487069	0.000241196239718	0.129739079052	1.0	0.680023335664	14.9691973094
363	0.929830760157	6395.72992833	0.000247699490622	0.303894935086	1.0	0.797266971966	13.9818834971
364	0.929830760157	6395.72992833	0.000247699490622	0.303894935086	1.0	0.797266971966	13.9818834971
365	0.940893981654	6417.49140738	0.000314820258632	0.358849628937	1.0	0.820667135912	13.8240684931
366	0.939388017274	5993.80516964	0.000407442607204	0.263402849962	1.0	0.763879191973	13.9665613308
367	0.945717270291	6341.07501895	0.000323163929182	0.279894825346	1.0	0.792984264364	14.3716568259
368	0.942795428694	7812.71552976	0.000285374441354	0.245957473686	1.0	0.760770039004	14.1904167205
369	0.94317197524	7860.16948071	0.000218426160425	0.231202683377	1.0	0.836539238107	14.0676862311
370	0.94317197524	7860.16948071	0.000218426160425	0.231202683377	1.0	0.836539238107	14.0676862311
371	0.949031887903	7349.80714573	0.000264577903115	0.201877325382	1.0	0.729824390496	14.1329206015
372	0.949031887903	7349.80714573	0.000264577903115	0.201877325382	1.0	0.729824390496	14.1329206015
373	0.949031887903	7349.80714573	0.000264577903115	0.201877325382	1.0	0.729824390496	14.1329206015
374	0.949031887903	7349.80714573	0.000264577903115	0.201877325382	1.0	0.729824390496	14.1329206015
375	0.949031887903	7349.80714573	0.000264577903115	0.201877325382	1.0	0.729824390496	14.1329206015
376	0.949031887903	7349.80714573	0.000264577903115	0.201877325382	1.0	0.729824390496	14.1329206015
377	0.951931485131	6487.16972298	0.000270460813086	0.251951005048	1.0	0.660464747065	14.2186797455
378	0.951931485131	6487.16972298	0.000270460813086	0.251951005048	1.0	0.660464747065	14.2186797455
379	0.951931485131	6487.16972298	0.000270460813086	0.251951005048	1.0	0.660464747065	14.2186797455
380	0.951931485131	6487.16972298	0.000270460813086	0.251951005048	1.0	0.660464747065	14.2186797455
381	0.940145649626	6979.00053701	0.000334118127926	0.297566331573	1.0	0.696692391256	13.9542449184
382	0.945345430383	6563.66525253	0.000348313175434	0.282542418094	1.0	0.8157417838	14.0876047375
383	0.942954566091	6390.26238137	0.000329772966799	0.297306081803	1.0	0.878932679619	13.9432655423
384	0.933164768714	4668.99244148	0.000396086664707	0.160965026568	1.0	0.962183042635	14.8742329472
385	0.932777955245	6008.3492482	0.00051050549512	0.292083140475	1.0	0.856042515532	14.9399050444
386	0.936205703369	5809.30009108	0.000496591341996	0.293773845068	1.0	0.882560026041	14.9047362668
387	0.936205703369	5809.30009108	0.000496591341996	0.293773845068	1.0	0.882560026041	14.9047362668
388	0.938843286366	5611.68825344	0.000451179325566	0.164818484666	1.0	0.925342232289	15.1871526293
389	0.938843286366	5611.68825344	0.000451179325566	0.164818484666	1.0	0.925342232289	15.1871526293
390	0.937230852473	4093.34520816	0.00059799792485	0.179241498115	1.0	0.804458869116	14.7504226316
391	0.929413713804	3792.40036192	0.000418545831648	0.173180594082	1.0	0.853676541873	14.692767186
392	0.929413713804	3792.40036192	0.000418545831648	0.173180594082	1.0	0.853676541873	14.692767186
393	0.917553599427	3691.65796667	0.00042512140165	0.328966638045	1.0	0.841372717075	14.8955267222
394	0.939286267958	4083.10528968	0.00058836511899	0.308879971855	1.0	0.862386073196	14.3790620212
395	0.939252917325	3789.43701434	0.000543008527708	0.152103736332	1.0	0.846392515999	14.2578210273
396	0.943590915856	3618.67881956	0.000594621041264	0.0903506841482	1.0	0.840613887525	13.8712451342
397	0.943590915856	3618.67881956	0.000594621041264	0.0903506841482	1.0	0.840613887525	13.8712451342
398	0.943590915856	3618.67881956	0.000594621041264	0.0903506841482	1.0	0.840613887525	13.8712451342
399	0.943590915856	3618.67881956	0.000594621041264	0.0903506841482	1.0	0.840613887525	13.8712451342
400	0.936755212172	2621.00067258	0.000688698063947	0.0459075964931	1.0	0.65659478901	14.8283219185
401	0.936755212172	2621.00067258	0.000688698063947	0.0459075964931	1.0	0.65659478901	14.8283219185
402	0.936755212172	2621.00067258	0.000688698063947	0.0459075964931	1.0	0.65659478901	14.8283219185
403	0.936755212172	2621.00067258	0.000688698063947	0.0459075964931	1.0	0.65659478901	14.8283219185
404	0.936755212172	2621.00067258	0.000688698063947	0.0459075964931	1.0	0.65659478901	14.8283219185
405	0.938951386543	2339.80757718	0.000740922869069	0.0451819031221	1.0	0.717188986222	14.8905018969
406	0.934622787955	2290.94807744	0.000887912753353	0.0929500988814	1.0	0.661573925258	15.0961455667
407	0.935597432652	1945.25907143	0.000942179632883	0.143550448662	1.0	0.587770992315	14.4937672839
408	0.930542044749	1176.64381027	0.00110550933642	0.0823115221269	1.0	0.507938990316	14.652455669
409	0.930633865743	1539.16761022	0.00121036289533	0.105851739755	1.0	0.510738491959	14.1188386336
410	0.930633865743	1539.16761022	0.00121036289533	0.105851739755	1.0	0.510738491959	14.1188386336
411	0.930633865743	1539.16761022	0.00121036289533	0.105851739755	1.0	0.510738491959	14.1188386336
412	0.918261230208	1318.2422273	0.00142695692778	0.235156889171	1.0	0.360362192691	14.0653812946
413	0.918261230208	1318.2422273	0.00142695692778	0.235156889171	1.0	0.360362192691	14.0653812946
414	0.922765044922	1474.56024472	0.00132411825603	0.441692758611	1.0	0.34558075819	14.3559948109
415	0.918507595189	1488.7113996	0.00168086296861	0.51644887772	1.0	0.442181367153	14.7187087696
416	0.918507595189	1488.7113996	0.00168086296861	0.51644887772	1.0	0.442181367153	14.7187087696
417	0.918507595189	1488.7113996	0.00168086296861	0.51644887772	1.0	0.442181367153	14.7187087696
418	0.918507595189	1488.7113996	0.00168086296861	0.51644887772	1.0	0.442181367153	14.7187087696
419	0.918507595189	1488.7113996	0.00168086296861	0.51644887772	1.0	0.442181367153	14.7187087696
420	0.918507595189	1488.7113996	0.00168086296861	0.51644887772	1.0	0.442181367153	14.7187087696
421	0.924991966792	1290.27037532	0.00159695727066	0.381572366685	1.0	0.478150407708	14.7442692479
422	0.924991966792	1290.27037532	0.00159695727066	0.381572366685	1.0	0.478150407708	14.7442692479
423	0.924991966792	1290.27037532	0.00159695727066	0.381572366685	1.0	0.478150407708	14.7442692479
424	0.922644444032	1333.44791358	0.00189272314975	0.455967086614	1.0	0.543931311912	14.4378658024
425	0.922644444032	1333.44791358	0.00189272314975	0.455967086614	1.0	0.543931311912	14.4378658024
426	0.922644444032	1333.44791358	0.00189272314975	0.455967086614	1.0	0.543931311912	14.4378658024
427	0.922644444032	1333.44791358	0.00189272314975	0.455967086614	1.0	0.543931311912	14.4378658024
428	0.923199967598	1325.61902549	0.00189725156313	0.542759302842	1.0	0.577724474496	14.587256346
429	0.921492964257	1349.6610045	0.00165115404378	0.526893560471	1.0	0.448426503613	14.4558382583
430	0.914282341321	1318.65270314	0.00177865498206	0.594799316898	1.0	0.310927535208	14.8426064982
431	0.915858709938	1259.51844767	0.00203566151166	0.490212697578	1.0	0.446001146947	14.9708653279
432	0.920796351759	1416.6183706	0.00207179163221	0.574561665401	1.0	0.652103253962	14.4511875236
433	0.915292684318	1397.86235708	0.00169950052063	0.626697610038	1.0	0.5444255068	14.1131881943
434	0.915292684318	1397.86235708	0.00169950052063	0.626697610038	1.0	0.5444255068	14.1131881943
435	0.910818059256	1211.53849962	0.0026364223613	0.498964019419	1.0	0.508195229474	13.8824034136
436	0.919101921401	1208.29815988	0.00233505269862	0.477981081984	1.0	0.614559664273	13.9511317936
437	0.913853251291	1021.76077416	0.0021634063428	0.441128950532	1.0	0.689241186613	13.8281064475
438	0.913853251291	1021.76077416	0.0021634063428	0.441128950532	1.0	0.689241186613	13.8281064475
439	0.922277943928	1149.28633149	0.00244786918051	0.128120303889	1.0	0.795105698125	13.8649294132
440	0.920879411917	1423.67105982	0.00222415079927	0.179495794462	1.0	0.815244958132	14.8379611667
441	0.920879411917	1423.67105982	0.00222415079927	0.179495794462	1.0	0.815244958132	14.8379611667
442	0.926368058373	1549.40588842	0.00161956839154	0.298313677497	1.0	0.831365068879	14.3799582698
443	0.917854354044	1004.26495395	0.00185377516156	0.182747742127	1.0	0.802616186609	14.1427329191
444	0.921927207507	1018.84324796	0.00228051002772	0.206900021377	1.0	0.777715223414	14.6306181953
445	0.920797509829	1080.67795225	0.0017767859772	0.205052289357	1.0	0.7030086108	14.7408847488
446	0.916264004676	1259.93993938	0.00154757349242	0.251774041855	1.0	0.939054280165	14.8527903715
447	0.916264004676	1259.93993938	0.00154757349242	0.251774041855	1.0	0.939054280165	14.8527903715
448	0.916264004676	1259.93993938	0.00154757349242	0.251774041855	1.0	0.939054280165	14.8527903715
449	0.916264004676	1259.93993938	0.00154757349242	0.251774041855	1.0	0.939054280165	14.8527903715
450	0.916264004676	1259.93993938	0.00154757349242	0.251774041855	1.0	0.939054280165	14.8527903715
451	0.916935437334	1119.85279931	0.001636311759	0.171960929523	1.0	0.98749721262	15.1384767938
452	0.916935437334	1119.85279931	0.001636311759	0.171960929523	1.0	0.98749721262	15.1384767938
453	0.916935437334	1119.85279931	0.001636311759	0.171960929523	1.0	0.98749721262	15.1384767938
454	0.920052746346	1246.72615701	0.00167581265006	0.223524906243	1.0	0.936768913339	15.1814228202
455	0.920052746346	1246.72615701	0.00167581265006	0.223524906243	1.0	0.936768913339	15.1814228202
456	0.91926194322	1315.63175484	0.00143770419407	0.190446099685	1.0	0.884814116264	14.9921445748
457	0.909495380603	1196.90528509	0.0011027768787	0.199977235229	1.0	0.828705376548	14.1511226156
458	0.909495380603	1196.90528509	0.0011027768787	0.199977235229	1.0	0.828705376548	14.1511226156
459	0.909495380603	1196.90528509	0.0011027768787	0.199977235229	1.0	0.828705376548	14.1511226156
460	0.909495380603	1196.90528509	0.0011027768787	0.199977235229	1.0	0.828705376548	14.1511226156
461	0.920899534184	1310.3548742	0.00161382540015	0.221168030615	1.0	0.848874910476	14.0328447311
462	0.924024732538	1176.88394697	0.00197426744903	0.114202110108	1.0	0.713932044361	14.3679752916
463	0.925868235856	1094.12309462	0.00145474479301	0.103968121229	1.0	0.662742292723	14.3952781637
464	0.925868235856	1094.12309462	0.00145474479301	0.103968121229	1.0	0.662742292723	14.3952781637
465	0.925207701305	983.407457368	0.00155408848498	0.0442636161917	1.0	0.602507319231	13.8864736155
466	0.912839012125	784.329896247	0.0020982352322	0.0861598706391	1.0	0.753791112169	14.2779861019
467	0.912839012125	784.329896247	0.0020982352322	0.0861598706391	1.0	0.753791112169	14.2779861019
468	0.912839012125	784.329896247	0.0020982352322	0.0861598706391	1.0	0.753791112169	14.2779861019
469	0.923215130877	782.618341337	0.00245106579636	0.02162728068	1.0	0.703356449604	14.5106028122
470	0.919503234337	925.688420952	0.00269071218883	0.10491794872	1.0	0.75551631317	14.141439776
471	0.922026024843	878.095623267	0.00277742354902	0.14127719833	1.0	0.896967955799	14.8166296366
472	0.918332160981	790.772104754	0.00263650920175	0.0376224199539	1.0	0.766858685769	14.0698030565
473	0.917390942594	766.806051417	0.00236296402731	0.189043020338	1.0	0.674220796051	13.8541241757
474	0.917390942594	766.806051417	0.00236296402731	0.189043020338	1.0	0.674220796051	13.8541241757
475	0.916665858898	1016.91480415	0.00255427270656	0.26690766364	1.0	0.656374454792	14.0046651565
476	0.916665858898	1016.91480415	0.00255427270656	0.26690766364	1.0	0.656374454792	14.0046651565
477	0.916665858898	1016.91480415	0.00255427270656	0.26690766364	1.0	0.656374454792	14.0046651565
478	0.920487482858	1058.78793373	0.00233060092855	0.31922569363	1.0	0.699703027522	14.1933593737
479	0.920501959193	1069.48659812	0.00236287540331	0.397841562813	1.0	0.757623940922	14.3097396334
480	0.926999958079	1306.61709724	0.00189218631099	0.292823264852	1.0	0.686145415922	14.1001352032
481	0.926600940487	1529.03665358	0.00172745193463	0.318806978216	1.0	0.883407919322	15.0650889493
482	0.918731779953	1686.53294307	0.00130445253513	0.255199869188	1.0	0.967897038735	14.7106845004
483	0.92163268946	1391.56932769	0.00139495396386	0.198579179834	1.0	0.804124603721	15.1181313055
484	0.921762528254	1506.09502466	0.00122566322392	0.252641277492	1.0	0.761874725081	14.5412523637
485	0.930330294155	1858.96638983	0.00109299309085	0.139118541141	1.0	0.770514156344	15.0458775188
486	0.934839595711	2483.51170063	0.000951823403632	0.114446004361	1.0	0.775271974045	14.2914071473
487	0.933368318224	2493.32164615	0.000958584471987	0.0775056583576	1.0	0.838788132656	14.1298558087
488	0.936469722593	2394.11399556	0.000944461886134	0.175614425472	1.0	0.791125156159	13.9849356747
489	0.936469722593	2394.11399556	0.000944461886134	0.175614425472	1.0	0.791125156159	13.9849356747
490	0.936469722593	2394.11399556	0.000944461886134	0.175614425472	1.0	0.791125156159	13.9849356747
491	0.936469722593	2394.11399556	0.000944461886134	0.175614425472	1.0	0.791125156159	13.9849356747
492	0.936469722593	2394.11399556	0.000944461886134	0.175614425472	1.0	0.791125156159	13.9849356747
493	0.936469722593	2394.11399556	0.000944461886134	0.175614425472	1.0	0.791125156159	13.9849356747
494	0.936469722593	2394.11399556	0.000944461886134	0.175614425472	1.0	0.791125156159	13.9849356747
495	0.936469722593	2394.11399556	0.000944461886134	0.175614425472	1.0	0.791125156159	13.9849356747
496	0.936469722593	2394.11399556	0.000944461886134	0.175614425472	1.0	0.791125156159	13.9849356747
497	0.936469722593	2394.11399556	0.000944461886134	0.175614425472	1.0	0.791125156159	13.9849356747
498	0.930603371226	2083.74909136	0.00100532039813	0.34235474255	1.0	0.630232933809	13.9468786781
499	0.930603371226	2083.74909136	0.00100532039813	0.34235474255	1.0	0.630232933809	13.9468786781
500	0.930603371226	2083.74909136	0.00100532039813	0.34235474255	1.0	0.630232933809	13.9468786781
501	0.928564603674	2360.75952757	0.00100592979644	0.2474620428	1.0	0.613792548327	13.851901505
502	0.934663904773	2114.91725109	0.000907441002205	0.223778906915	1.0	0.62127702747	14.1240045513
503	0.934663904773	2114.91725109	0.000907441002205	0.223778906915	1.0	0.62127702747	14.1240045513
504	0.934663904773	2114.91725109	0.000907441002205	0.223778906915	1.0	0.62127702747	14.1240045513
505	0.934663904773	2114.91725109	0.000907441002205	0.223778906915	1.0	0.62127702747	14.1240045513
506	0.934663904773	2114.91725109	0.000907441002205	0.223778906915	1.0	0.62127702747	14.1240045513
507	0.934663904773	2114.91725109	0.000907441002205	0.223778906915	1.0	0.62127702747	14.1240045513
508	0.928920008864	2587.8819074	0.000932972689715	0.141098487205	1.0	0.712666872105	14.1405979759
509	0.927202198561	1951.89404655	0.000600821565728	0.0902346103064	1.0	0.676621105472	14.1496590217
510	0.923697533865	2610.61198872	0.000464599988414	0.176043807779	1.0	0.715185786311	13.9516497316
511	0.923697533865	2610.61198872	0.000464599988414	0.176043807779	1.0	0.715185786311	13.9516497316
512	0.924115297656	2505.91558855	0.00055952221196	0.228288260938	1.0	0.656199412686	14.5915878661
513	0.928048073535	3234.70972372	0.000414954837472	0.217627743399	1.0	0.620790208876	14.2484778902
514	0.927341168506	4503.94030378	0.000543756132355	0.164438926968	1.0	0.687952257232	15.2023378384
515	0.927341168506	4503.94030378	0.000543756132355	0.164438926968	1.0	0.687952257232	15.2023378384
516	0.940492495378	4058.10530621	0.000548402536073	0.263970563359	1.0	0.835530895722	15.182923674
517	0.940492495378	4058.10530621	0.000548402536073	0.263970563359	1.0	0.835530895722	15.182923674
518	0.937827443908	3497.1476435	0.00066360234483	0.328662037907	1.0	0.619664645848	14.635408566
519	0.93182187016	3023.05473864	0.000498004817885	0.243414119971	1.0	0.577814567606	14.685881575
520	0.93182187016	3023.05473864	0.000498004817885	0.243414119971	1.0	0.577814567606	14.685881575
521	0.941699472722	3251.24639553	0.00037619511711	0.173141915171	1.0	0.4580435965	14.9218586088
522	0.941699472722	3251.24639553	0.00037619511711	0.173141915171	1.0	0.4580435965	14.9218586088
523	0.941699472722	3251.24639553	0.00037619511711	0.173141915171	1.0	0.4580435965	14.9218586088
524	0.941836371454	1936.85527481	0.000425689933259	0.160155408684	1.0	0.285238024041	15.0059852674
525	0.941836371454	1936.85527481	0.000425689933259	0.160155408684	1.0	0.285238024041	15.0059852674
526	0.938964736236	1577.61182074	0.000438484838245	0.0789962505488	1.0	0.276520576584	14.4599708399
527	0.938964736236	1577.61182074	0.000438484838245	0.0789962505488	1.0	0.276520576584	14.4599708399
528	0.938964736236	1577.61182074	0.000438484838245	0.0789962505488	1.0	0.276520576584	14.4599708399
529	0.938964736236	1577.61182074	0.000438484838245	0.0789962505488	1.0	0.276520576584	14.4599708399
530	0.948989904531	1875.17432953	0.000432454670797	0.0233197690392	1.0	0.347281339109	14.3977857492
531	0.948989904531	1875.17432953	0.000432454670797	0.0233197690392	1.0	0.347281339109	14.3977857492
532	0.948989904531	1875.17432953	0.000432454670797	0.0233197690392	1.0	0.347281339109	14.3977857492
533	0.948989904531	1875.17432953	0.000432454670797	0.0233197690392	1.0	0.347281339109	14.3977857492
534	0.948989904531	1875.17432953	0.000432454670797	0.0233197690392	1.0	0.347281339109	14.3977857492
535	0.948989904531	1875.17432953	0.000432454670797	0.0233197690392	1.0	0.347281339109	14.3977857492
536	0.948989904531	1875.17432953	0.000432454670797	0.0233197690392	1.0	0.347281339109	14.3977857492
537	0.948989904531	1875.17432953	0.000432454670797	0.0233197690392	1.0	0.347281339109	14.3977857492
538	0.948989904531	1875.17432953	0.000432454670797	0.0233197690392	1.0	0.347281339109	14.3977857492
539	0.948989904531	1875.17432953	0.000432454670797	0.0233197690392	1.0	0.347281339109	14.3977857492
540	0.948989904531	1875.17432953	0.000432454670797	0.0233197690392	1.0	0.347281339109	14.3977857492
541	0.948989904531	1875.17432953	0.000432454670797	0.0233197690392	1.0	0.347281339109	14.3977857492
542	0.948989904531	1875.17432953	0.000432454670797	0.0233197690392	1.0	0.347281339109	14.3977857492
543	0.948989904531	1875.17432953	0.000432454670797	0.0233197690392	1.0	0.347281339109	14.3977857492
544	0.945699087154	1861.32031863	0.000508424802164	0.102215469515	1.0	0.338257390525	14.448718127
545	0.945699087154	1861.32031863	0.000508424802164	0.102215469515	1.0	0.338257390525	14.448718127
546	0.94661810742	2060.79038243	0.00051991650069	0.0205704292334	1.0	0.471709720152	15.0238339268
547	0.934146769249	1694.95289237	0.000709614500396	0.071288055343	1.0	0.5251100524	14.1728004007
548	0.932934699779	1537.64934136	0.000647867743167	0.0506193195937	1.0	0.517471228449	14.4333737458
549	0.932934699779	1537.64934136	0.000647867743167	0.0506193195937	1.0	0.517471228449	14.4333737458
550	0.929553027275	1550.65495256	0.0011922700106	0.129405113535	1.0	0.567537815527	14.5727534999
551	0.9267160294	1344.08276898	0.000990650485364	0.108911017863	1.0	0.593365480206	15.1162432159
552	0.932170055247	1400.62234255	0.00114368713802	0.143728370304	1.0	0.573826276641	14.3220472802
553	0.932170055247	1400.62234255	0.00114368713802	0.143728370304	1.0	0.573826276641	14.3220472802
554	0.932170055247	1400.62234255	0.00114368713802	0.143728370304	1.0	0.573826276641	14.3220472802
555	0.932170055247	1400.62234255	0.00114368713802	0.143728370304	1.0	0.573826276641	14.3220472802
556	0.932170055247	1400.62234255	0.00114368713802	0.143728370304	1.0	0.573826276641	14.3220472802
557	0.922839436822	1131.25323586	0.00163494021053	0.105366176548	1.0	0.495491490537	14.8980784519
558	0.914868724673	1135.88363834	0.00170470470357	0.202045891359	1.0	0.387626546159	14.6757869778
559	0.910574085638	905.806560744	0.00168287550394	0.306022941542	1.0	0.418524767906	14.9050614732
560	0.915070083162	786.899778404	0.00202821748089	0.248599912111	1.0	0.406633246633	14.5737160677
561	0.90855754875	1123.44603193	0.0020532659805	0.222175300574	1.0	0.473506415222	14.3180659314
562	0.9027931007	1201.11970952	0.00261057955965	0.275614312195	1.0	0.56254043931	14.2110400771
563	0.915461095218	1194.76960211	0.00262343559853	0.274605596311	1.0	0.738353686675	14.723059984
564	0.915461095218	1194.76960211	0.00262343559853	0.274605596311	1.0	0.738353686675	14.723059984
565	0.922747566131	1292.94429884	0.00225483727713	0.24235744464	1.0	0.781866384323	13.9666402271
566	0.922747566131	1292.94429884	0.00225483727713	0.24235744464	1.0	0.781866384323	13.9666402271
567	0.922747566131	1292.94429884	0.00225483727713	0.24235744464	1.0	0.781866384323	13.9666402271
568	0.922747566131	1292.94429884	0.00225483727713	0.24235744464	1.0	0.781866384323	13.9666402271
569	0.922747566131	1292.94429884	0.00225483727713	0.24235744464	1.0	0.781866384323	13.9666402271
570	0.922765350266	1376.94493805	0.00266912119446	0.356249731674	1.0	0.924748033523	14.1770154276
571	0.922765350266	1376.94493805	0.00266912119446	0.356249731674	1.0	0.924748033523	14.1770154276
572	0.922765350266	1376.94493805	0.00266912119446	0.356249731674	1.0	0.924748033523	14.1770154276
573	0.921756648922	1414.68356719	0.0020570733859	0.285981295367	1.0	0.973122750817	14.2653087369
574	0.91983925829	1298.2754596	0.00172358058521	0.249035630964	1.0	0.919982260294	14.6907264298
575	0.929100643748	1594.98266457	0.00184049562278	0.237362172203	1.0	0.93259771212	14.2889629807
576	0.929100643748	1594.98266457	0.00184049562278	0.237362172203	1.0	0.93259771212	14.2889629807
577	0.929100643748	1594.98266457	0.00184049562278	0.237362172203	1.0	0.93259771212	14.2889629807
578	0.929100643748	1594.98266457	0.00184049562278	0.237362172203	1.0	0.93259771212	14.2889629807
579	0.929100643748	1594.98266457	0.00184049562278	0.237362172203	1.0	0.93259771212	14.2889629807
580	0.929100643748	1594.98266457	0.00184049562278	0.237362172203	1.0	0.93259771212	14.2889629807
581	0.929100643748	1594.98266457	0.00184049562278	0.237362172203	1.0	0.93259771212	14.2889629807
582	0.929100643748	1594.98266457	0.00184049562278	0.237362172203	1.0	0.93259771212	14.2889629807
583	0.929100643748	1594.98266457	0.00184049562278	0.237362172203	1.0	0.93259771212	14.2889629807
584	0.927159450213	1732.10831129	0.00137564816257	0.153845881726	1.0	0.694809102984	14.0524285727
585	0.927597312448	1426.54713377	0.00130627194381	0.165318902973	1.0	0.671945760133	14.3112655359
586	0.927597312448	1426.54713377	0.00130627194381	0.165318902973	1.0	0.671945760133	14.3112655359
587	0.927597312448	1426.54713377	0.00130627194381	0.165318902973	1.0	0.671945760133	14.3112655359
588	0.928103772868	1763.99479367	0.0014162428912	0.268691802303	1.0	0.865769188024	14.3973332688
589	0.928103772868	1763.99479367	0.0014162428912	0.268691802303	1.0	0.865769188024	14.3973332688
590	0.928103772868	1763.99479367	0.0014162428912	0.268691802303	1.0	0.865769188024	14.3973332688
591	0.928994407872	2058.0530472	0.00157645681055	0.194504311368	1.0	0.956943560423	14.1011206858
592	0.928994407872	2058.0530472	0.00157645681055	0.194504311368	1.0	0.956943560423	14.1011206858
593	0.928994407872	2058.0530472	0.00157645681055	0.194504311368	1.0	0.956943560423	14.1011206858
594	0.928994407872	2058.0530472	0.00157645681055	0.194504311368	1.0	0.956943560423	14.1011206858
595	0.931469917661	2328.68350283	0.00130272089469	0.153729315748	1.0	0.940846391489	14.280520112
596	0.931469917661	2328.68350283	0.00130272089469	0.153729315748	1.0	0.940846391489	14.280520112
597	0.931469917661	2328.68350283	0.00130272089469	0.153729315748	1.0	0.940846391489	14.280520112
598	0.921326520695	2913.45976275	0.00118510942431	0.114342714778	1.0	0.986764841134	14.618545045
599	0.921326520695	2913.45976275	0.00118510942431	0.114342714778	1.0	0.986764841134	14.618545045
600	0.921326520695	2913.45976275	0.00118510942431	0.114342714778	1.0	0.986764841134	14.618545045
601	0.921326520695	2913.45976275	0.00118510942431	0.114342714778	1.0	0.986764841134	14.618545045
602	0.921326520695	2913.45976275	0.00118510942431	0.114342714778	1.0	0.986764841134	14.618545045
603	0.921326520695	2913.45976275	0.00118510942431	0.114342714778	1.0	0.986764841134	14.618545045
604	0.921326520695	2913.45976275	0.00118510942431	0.114342714778	1.0	0.986764841134	14.618545045
605	0.921326520695	2913.45976275	0.00118510942431	0.114342714778	1.0	0.986764841134	14.618545045
606	0.921326520695	2913.45976275	0.00118510942431	0.114342714778	1.0	0.986764841134	14.618545045
607	0.921326520695	2913.45976275	0.00118510942431	0.114342714778	1.0	0.986764841134	14.618545045
608	0.921326520695	2913.45976275	0.00118510942431	0.114342714778	1.0	0.986764841134	14.618545045
609	0.931717238248	2034.50079014	0.0013803154876	0.193645589813	1.0	0.981233234495	14.0515460123
610	0.931717238248	2034.50079014	0.0013803154876	0.193645589813	1.0	0.981233234495	14.0515460123
611	0.931717238248	2034.50079014	0.0013803154876	0.193645589813	1.0	0.981233234495	14.0515460123
612	0.931717238248	2034.50079014	0.0013803154876	0.193645589813	1.0	0.981233234495	14.0515460123
613	0.934786567735	2481.80314412	0.00109545959951	0.148791636871	1.0	0.919670743896	14.8679272729
614	0.934786567735	2481.80314412	0.00109545959951	0.148791636871	1.0	0.919670743896	14.8679272729
615	0.930853309556	2275.89686423	0.00127074713558	0.0788092728644	1.0	0.944232256495	14.5164152252
616	0.933804029283	2543.9204101	0.00128778377809	0.189947970624	1.0	0.976314733835	14.6839549546
617	0.929676722498	2813.03349932	0.0011143458317	0.247841181267	1.0	0.866520586438	15.0933622023
618	0.929676722498	2813.03349932	0.0011143458317	0.247841181267	1.0	0.866520586438	15.0933622023
619	0.933463015561	2590.57292627	0.000952224266233	0.239940527822	1.0	0.873387684468	14.9815452796
620	0.933463015561	2590.57292627	0.000952224266233	0.239940527822	1.0	0.873387684468	14.9815452796
621	0.939841328443	3311.73055016	0.000768849347082	0.222015375241	1.0	0.837448999422	14.2091373446
622	0.93712028523	3735.82383885	0.000819731253812	0.320124620694	1.0	0.865136520236	14.7134487158
623	0.941210681397	2860.59267238	0.000723841771787	0.126821509385	1.0	0.782857424331	14.8114378043
624	0.941210681397	2860.59267238	0.000723841771787	0.126821509385	1.0	0.782857424331	14.8114378043
625	0.941210681397	2860.59267238	0.000723841771787	0.126821509385	1.0	0.782857424331	14.8114378043
626	0.941210681397	2860.59267238	0.000723841771787	0.126821509385	1.0	0.782857424331	14.8114378043
627	0.941725971965	3440.94241725	0.000575680141538	0.0268047152206	1.0	0.840209989925	14.2825816339
628	0.941725971965	3440.94241725	0.000575680141538	0.0268047152206	1.0	0.840209989925	14.2825816339
629	0.941725971965	3440.94241725	0.000575680141538	0.0268047152206	1.0	0.840209989925	14.2825816339
630	0.943201375398	3280.42319393	0.000525054410421	0.0305378721362	1.0	0.635200673737	13.8738459678
631	0.943201375398	3280.42319393	0.000525054410421	0.0305378721362	1.0	0.635200673737	13.8738459678
632	0.943201375398	3280.42319393	0.000525054410421	0.0305378721362	1.0	0.635200673737	13.8738459678
633	0.943854544964	3394.95709992	0.000476185159904	0.177150983525	1.0	0.623337600213	14.188809085
634	0.943854544964	3394.95709992	0.000476185159904	0.177150983525	1.0	0.623337600213	14.188809085
635	0.942992189732	3336.43653428	0.000500968069429	0.193551140967	1.0	0.424509760499	14.3357868008
636	0.942992189732	3336.43653428	0.000500968069429	0.193551140967	1.0	0.424509760499	14.3357868008
637	0.942992189732	3336.43653428	0.000500968069429	0.193551140967	1.0	0.424509760499	14.3357868008
638	0.943495758533	2898.36560096	0.000449131873802	0.138515024573	1.0	0.500294584759	14.0752311496
639	0.943495758533	2898.36560096	0.000449131873802	0.138515024573	1.0	0.500294584759	14.0752311496
640	0.949735450413	3628.32812278	0.000382822248591	0.179808452888	1.0	0.41988187376	14.9899235883
641	0.943728156911	4258.78069267	0.000408956661477	0.204067915306	1.0	0.53092229439	14.9764530752
642	0.943728156911	4258.78069267	0.000408956661477	0.204067915306	1.0	0.53092229439	14.9764530752
643	0.943728156911	4258.78069267	0.000408956661477	0.204067915306	1.0	0.53092229439	14.9764530752
644	0.943728156911	4258.78069267	0.000408956661477	0.204067915306	1.0	0.53092229439	14.9764530752
645	0.943728156911	4258.78069267	0.000408956661477	0.204067915306	1.0	0.53092229439	14.9764530752
646	0.943728156911	4258.78069267	0.000408956661477	0.204067915306	1.0	0.53092229439	14.9764530752
647	0.943728156911	4258.78069267	0.000408956661477	0.204067915306	1.0	0.53092229439	14.9764530752
648	0.943728156911	4258.78069267	0.000408956661477	0.204067915306	1.0	0.53092229439	14.9764530752
649	0.945047447301	3680.70927847	0.000481433689367	0.107108080071	1.0	0.638439846873	14.1459337387
650	0.945047447301	3680.70927847	0.000481433689367	0.107108080071	1.0	0.638439846873	14.1459337387
651	0.945047447301	3680.70927847	0.000481433689367	0.107108080071	1.0	0.638439846873	14.1459337387
652	0.944402736629	4058.66653074	0.00042561693885	0.192959658132	1.0	0.614786808942	14.5693273583
653	0.944402736629	4058.66653074	0.00042561693885	0.192959658132	1.0	0.614786808942	14.5693273583
654	0.936164116723	3328.54343248	0.000525025921549	0.171871381881	1.0	0.440947820667	14.2386270972
655	0.936164116723	3328.54343248	0.000525025921549	0.171871381881	1.0	0.440947820667	14.2386270972
656	0.936164116723	3328.54343248	0.000525025921549	0.171871381881	1.0	0.440947820667	14.2386270972
657	0.936164116723	3328.54343248	0.000525025921549	0.171871381881	1.0	0.440947820667	14.2386270972
658	0.936164116723	3328.54343248	0.000525025921549	0.171871381881	1.0	0.440947820667	14.2386270972
659	0.934053581748	3412.17471786	0.000281417305924	0.17928214193	1.0	0.452640088288	14.8637848337
660	0.942487988067	3326.38548583	0.000313896732699	0.113620149231	1.0	0.44247584982	14.6074428184
661	0.952400025205	2600.09209453	0.000430010408225	0.0608669999435	1.0	0.380684952884	14.7373364381
662	0.952400025205	2600.09209453	0.000430010408225	0.0608669999435	1.0	0.380684952884	14.7373364381
663	0.948622788243	2491.12124785	0.000432950628625	0.121567938652	1.0	0.260909839375	15.1265148097
664	0.948622788243	2491.12124785	0.000432950628625	0.121567938652	1.0	0.260909839375	15.1265148097
665	0.951749417712	3890.42241082	0.000271324437792	0.134131135756	1.0	0.373970218393	14.7106414404
666	0.951749417712	3890.42241082	0.000271324437792	0.134131135756	1.0	0.373970218393	14.7106414404
667	0.951749417712	3890.42241082	0.000271324437792	0.134131135756	1.0	0.373970218393	14.7106414404
668	0.951749417712	3890.42241082	0.000271324437792	0.134131135756	1.0	0.373970218393	14.7106414404
669	0.951363768354	4283.15884271	0.000303115256925	0.12193712418	1.0	0.492533111547	14.9847511362
670	0.949037929981	4992.83383715	0.000295529292124	0.145935406445	1.0	0.602015382977	14.8338532369
671	0.949037929981	4992.83383715	0.000295529292124	0.145935406445	1.0	0.602015382977	14.8338532369
672	0.949037929981	4992.83383715	0.000295529292124	0.145935406445	1.0	0.602015382977	14.8338532369
673	0.949037929981	4992.83383715	0.000295529292124	0.145935406445	1.0	0.602015382977	14.8338532369
674	0.949037929981	4992.83383715	0.000295529292124	0.145935406445	1.0	0.602015382977	14.8338532369
675	0.949037929981	4992.83383715	0.000295529292124	0.145935406445	1.0	0.602015382977	14.8338532369
676	0.950766203943	4842.71606773	0.000311337745679	0.119020166132	1.0	0.471471621201	13.8558293082
677	0.950766203943	4842.71606773	0.000311337745679	0.119020166132	1.0	0.471471621201	13.8558293082
678	0.950766203943	4842.71606773	0.000311337745679	0.119020166132	1.0	0.471471621201	13.8558293082
679	0.950766203943	4842.71606773	0.000311337745679	0.119020166132	1.0	0.471471621201	13.8558293082
680	0.950766203943	4842.71606773	0.000311337745679	0.119020166132	1.0	0.471471621201	13.8558293082
681	0.951269094993	4483.26419819	0.000322478875368	0.145320919588	1.0	0.50838823342	14.7894596937
682	0.945728305106	4306.99869908	0.000295722341397	0.063564672018	1.0	0.607104611745	14.5504277482
683	0.940285115224	3871.16134907	0.000471136698887	0.0111639071365	1.0	0.688158440434	14.2083584528
684	0.940285115224	3871.16134907	0.000471136698887	0.0111639071365	1.0	0.688158440434	14.2083584528
685	0.938655189754	3379.46695716	0.000556637216606	0.100689836058	1.0	0.624188434178	13.9497189383
686	0.938655189754	3379.46695716	0.000556637216606	0.100689836058	1.0	0.624188434178	13.9497189383
687	0.938655189754	3379.46695716	0.000556637216606	0.100689836058	1.0	0.624188434178	13.9497189383
688	0.938655189754	3379.46695716	0.000556637216606	0.100689836058	1.0	0.624188434178	13.9497189383
689	0.938655189754	3379.46695716	0.000556637216606	0.100689836058	1.0	0.624188434178	13.9497189383
690	0.947214980064	3058.34399781	0.000394015542277	0.12152685254	1.0	0.456566213609	14.0561882885
691	0.947214980064	3058.34399781	0.000394015542277	0.12152685254	1.0	0.456566213609	14.0561882885
692	0.947214980064	3058.34399781	0.000394015542277	0.12152685254	1.0	0.456566213609	14.0561882885
693	0.94497037437	3142.30233928	0.000488742553356	0.106695365409	1.0	0.474141437219	14.437127135
694	0.949460415567	2798.41304457	0.000463197900732	0.0613453841593	1.0	0.492709634241	14.5368533921
695	0.949460415567	2798.41304457	0.000463197900732	0.0613453841593	1.0	0.492709634241	14.5368533921
696	0.947586333262	2817.40941953	0.000422721621155	0.0846855406359	1.0	0.474896039063	15.0325990889
697	0.946629340994	2435.23232877	0.000481209759266	0.022439273849	1.0	0.368885534351	15.1460419747
698	0.946629340994	2435.23232877	0.000481209759266	0.022439273849	1.0	0.368885534351	15.1460419747
699	0.946629340994	2435.23232877	0.000481209759266	0.022439273849	1.0	0.368885534351	15.1460419747
700	0.948078067141	1908.76062034	0.000343827550687	0.0614141319198	1.0	0.177283754768	15.1125066298
701	0.938346333913	2849.27137876	0.000376304072014	0.151268973949	1.0	0.157920971773	14.7028150156
702	0.941117254587	2542.92331397	0.000306185321578	0.183878789801	1.0	0.21174539576	14.756524905
703	0.948209534072	2845.08102407	0.000381886120347	0.0864277649887	1.0	0.253043919193	15.0677261184
704	0.948209534072	2845.08102407	0.000381886120347	0.0864277649887	1.0	0.253043919193	15.0677261184
705	0.948209534072	2845.08102407	0.000381886120347	0.0864277649887	1.0	0.253043919193	15.0677261184
706	0.948209534072	2845.08102407	0.000381886120347	0.0864277649887	1.0	0.253043919193	15.0677261184
707	0.955434724266	2909.23541159	0.000322424932909	0.0518982962028	1.0	0.31595959517	14.7490985817
708	0.948928941283	2377.93897493	0.000285248713398	0.0161471613685	1.0	0.320434289232	14.2112912774
709	0.948928941283	2377.93897493	0.000285248713398	0.0161471613685	1.0	0.320434289232	14.2112912774
710	0.948928941283	2377.93897493	0.000285248713398	0.0161471613685	1.0	0.320434289232	14.2112912774
711	0.948928941283	2377.93897493	0.000285248713398	0.0161471613685	1.0	0.320434289232	14.2112912774
712	0.948928941283	2377.93897493	0.000285248713398	0.0161471613685	1.0	0.320434289232	14.2112912774
713	0.94888228884	3007.75335545	0.000386102880319	0.210055910257	1.0	0.287510622363	14.1941703772
714	0.94888228884	3007.75335545	0.000386102880319	0.210055910257	1.0	0.287510622363	14.1941703772
715	0.94888228884	3007.75335545	0.000386102880319	0.210055910257	1.0	0.287510622363	14.1941703772
716	0.94888228884	3007.75335545	0.000386102880319	0.210055910257	1.0	0.287510622363	14.1941703772
717	0.94888228884	3007.75335545	0.000386102880319	0.210055910257	1.0	0.287510622363	14.1941703772
718	0.94888228884	3007.75335545	0.000386102880319	0.210055910257	1.0	0.287510622363	14.1941703772
719	0.952494306877	2980.20113933	0.000344390945518	0.111226834479	1.0	0.305451570812	15.0942717756
720	0.952494306877	2980.20113933	0.000344390945518	0.111226834479	1.0	0.305451570812	15.0942717756
721	0.952494306877	2980.20113933	0.000344390945518	0.111226834479	1.0	0.305451570812	15.0942717756
722	0.948503175761	2996.2765551	0.000399856715071	0.0908129138696	1.0	0.462656091344	14.9258628049
723	0.93835044231	2560.2214394	0.000370523403471	0.125406257387	1.0	0.437297838865	14.2846932719
724	0.93835044231	2560.2214394	0.000370523403471	0.125406257387	1.0	0.437297838865	14.2846932719
725	0.93835044231	2560.2214394	0.000370523403471	0.125406257387	1.0	0.437297838865	14.2846932719
726	0.946274891946	2190.81272135	0.000518792789099	0.0706878552277	1.0	0.448700387181	14.8481648963
727	0.944488860084	2194.10154527	0.000423670248632	0.130591587045	1.0	0.295918967528	14.9004365962
728	0.944488860084	2194.10154527	0.000423670248632	0.130591587045	1.0	0.295918967528	14.9004365962
729	0.944488860084	2194.10154527	0.000423670248632	0.130591587045	1.0	0.295918967528	14.9004365962
730	0.944488860084	2194.10154527	0.000423670248632	0.130591587045	1.0	0.295918967528	14.9004365962
731	0.944488860084	2194.10154527	0.000423670248632	0.130591587045	1.0	0.295918967528	14.9004365962
732	0.944488860084	2194.10154527	0.000423670248632	0.130591587045	1.0	0.295918967528	14.9004365962
733	0.944488860084	2194.10154527	0.000423670248632	0.130591587045	1.0	0.295918967528	14.9004365962
734	0.944488860084	2194.10154527	0.000423670248632	0.130591587045	1.0	0.295918967528	14.9004365962
735	0.944488860084	2194.10154527	0.000423670248632	0.130591587045	1.0	0.295918967528	14.9004365962
736	0.944488860084	2194.10154527	0.000423670248632	0.130591587045	1.0	0.295918967528	14.9004365962
737	0.944488860084	2194.10154527	0.000423670248632	0.130591587045	1.0	0.295918967528	14.9004365962
738	0.949406952222	3036.46923373	0.000423484752291	0.159738281674	1.0	0.36163409887	14.5229874944
739	0.949406952222	3036.46923373	0.000423484752291	0.159738281674	1.0	0.36163409887	14.5229874944
740	0.949406952222	3036.46923373	0.000423484752291	0.159738281674	1.0	0.36163409887	14.5229874944
741	0.947171396706	4112.96884657	0.000366756268856	0.05324786214	1.0	0.528457166313	14.7576440775
742	0.947171396706	4112.96884657	0.000366756268856	0.05324786214	1.0	0.528457166313	14.7576440775
743	0.947171396706	4112.96884657	0.000366756268856	0.05324786214	1.0	0.528457166313	14.7576440775
744	0.948289070251	4078.28508597	0.000324576270073	0.0221283717436	1.0	0.691590330873	14.941269334
745	0.948289070251	4078.28508597	0.000324576270073	0.0221283717436	1.0	0.691590330873	14.941269334
746	0.948289070251	4078.28508597	0.000324576270073	0.0221283717436	1.0	0.691590330873	14.941269334
747	0.944163300772	4540.64122336	0.000307930765283	0.0719538717318	1.0	0.719242447447	15.1348029476
748	0.938678900802	3419.57373005	0.000298805255106	0.0798713345152	1.0	0.524051956745	14.246563473
749	0.942157547504	3496.06461371	0.000325922627374	0.0592929490699	1.0	0.597424440571	14.4140400344
750	0.942157547504	3496.06461371	0.000325922627374	0.0592929490699	1.0	0.597424440571	14.4140400344
751	0.937948541474	4177.4218296	0.000326966835402	0.0773374920397	1.0	0.72605467995	14.4356869459
752	0.942436195516	4096.90157276	0.000365533765072	0.187599675799	1.0	0.623752702989	14.2029058521
753	0.942436195516	4096.90157276	0.000365533765072	0.187599675799	1.0	0.623752702989	14.2029058521
754	0.940615397501	4446.45887054	0.000381733438914	0.331629014878	1.0	0.555763433464	14.5622344824
755	0.940615397501	4446.45887054	0.000381733438914	0.331629014878	1.0	0.555763433464	14.5622344824
756	0.942638987863	4096.26449986	0.000361924874618	0.171531152042	1.0	0.608552384202	14.6106722932
757	0.942638987863	4096.26449986	0.000361924874618	0.171531152042	1.0	0.608552384202	14.6106722932
758	0.942638987863	4096.26449986	0.000361924874618	0.171531152042	1.0	0.608552384202	14.6106722932
759	0.942638987863	4096.26449986	0.000361924874618	0.171531152042	1.0	0.608552384202	14.6106722932
760	0.942294115445	4418.48469007	0.00038035590962	0.0791764614765	1.0	0.595796131025	14.9287153148
761	0.942294115445	4418.48469007	0.00038035590962	0.0791764614765	1.0	0.595796131025	14.9287153148
762	0.949084038477	4927.96172719	0.000266114289196	0.143428207698	1.0	0.338349919738	14.8098553278
763	0.94465567045	4557.09366417	0.000347146609191	0.243539100076	1.0	0.435091270935	14.9138386428
764	0.94465567045	4557.09366417	0.000347146609191	0.243539100076	1.0	0.435091270935	14.9138386428
765	0.938925729208	5042.26056379	0.000395000164192	0.409139966727	1.0	0.420601935841	14.9793432663
766	0.938925729208	5042.26056379	0.000395000164192	0.409139966727	1.0	0.420601935841	14.9793432663
767	0.938925729208	5042.26056379	0.000395000164192	0.409139966727	1.0	0.420601935841	14.9793432663
768	0.938925729208	5042.26056379	0.000395000164192	0.409139966727	1.0	0.420601935841	14.9793432663
769	0.940070180319	5073.15394116	0.000344246499313	0.399648058244	1.0	0.54243852935	14.8350343356
770	0.940070180319	5073.15394116	0.000344246499313	0.399648058244	1.0	0.54243852935	14.8350343356
771	0.940070180319	5073.15394116	0.000344246499313	0.399648058244	1.0	0.54243852935	14.8350343356
772	0.943957234058	6075.17144468	0.000317470491189	0.244014744446	1.0	0.591303651849	14.7550820639
773	0.943957234058	6075.17144468	0.000317470491189	0.244014744446	1.0	0.591303651849	14.7550820639
774	0.943957234058	6075.17144468	0.000317470491189	0.244014744446	1.0	0.591303651849	14.7550820639
775	0.941102100555	6223.16872409	0.000374271759472	0.277925174968	1.0	0.74129365293	14.5184216942
776	0.941102100555	6223.16872409	0.000374271759472	0.277925174968	1.0	0.74129365293	14.5184216942
777	0.941102100555	6223.16872409	0.000374271759472	0.277925174968	1.0	0.74129365293	14.5184216942
778	0.941102100555	6223.16872409	0.000374271759472	0.277925174968	1.0	0.74129365293	14.5184216942
779	0.941102100555	6223.16872409	0.000374271759472	0.277925174968	1.0	0.74129365293	14.5184216942
780	0.941102100555	6223.16872409	0.000374271759472	0.277925174968	1.0	0.74129365293	14.5184216942
781	0.941102100555	6223.16872409	0.000374271759472	0.277925174968	1.0	0.74129365293	14.5184216942
782	0.941102100555	6223.16872409	0.000374271759472	0.277925174968	1.0	0.74129365293	14.5184216942
783	0.94557123041	5753.14636547	0.000344972627298	0.264914774183	1.0	0.653752543272	15.10154458
784	0.94557123041	5753.14636547	0.000344972627298	0.264914774183	1.0	0.653752543272	15.10154458
785	0.947470384206	7625.28191031	0.000250715778924	0.315265423395	1.0	0.570260203123	14.9848057872
786	0.947470384206	7625.28191031	0.000250715778924	0.315265423395	1.0	0.570260203123	14.9848057872
787	0.947470384206	7625.28191031	0.000250715778924	0.315265423395	1.0	0.570260203123	14.9848057872
788	0.940469378184	6186.82292299	0.000235538715284	0.258002815379	1.0	0.644279398405	15.0975835509
789	0.940469378184	6186.82292299	0.000235538715284	0.258002815379	1.0	0.644279398405	15.0975835509
790	0.940469378184	6186.82292299	0.000235538715284	0.258002815379	1.0	0.644279398405	15.0975835509
791	0.92457516242	4191.35778077	0.000238324072469	0.253328802528	1.0	0.51102901948	15.1527819641
792	0.924616690677	3195.85475882	0.000408659162151	0.314039314917	1.0	0.554407494241	14.7836566426
793	0.927424985113	3129.9778483	0.000392474405414	0.31045916124	1.0	0.485829267981	14.8922276969
794	0.944575933567	3588.20219282	0.000469534457372	0.2221960034	1.0	0.509756246547	14.1171573939
795	0.944575933567	3588.20219282	0.000469534457372	0.2221960034	1.0	0.509756246547	14.1171573939
796	0.944575933567	3588.20219282	0.000469534457372	0.2221960034	1.0	0.509756246547	14.1171573939
797	0.944575933567	3588.20219282	0.000469534457372	0.2221960034	1.0	0.509756246547	14.1171573939
798	0.944575933567	3588.20219282	0.000469534457372	0.2221960034	1.0	0.509756246547	14.1171573939
799	0.944575933567	3588.20219282	0.000469534457372	0.2221960034	1.0	0.509756246547	14.1171573939
800	0.944575933567	3588.20219282	0.000469534457372	0.2221960034	1.0	0.509756246547	14.1171573939
801	0.944575933567	3588.20219282	0.000469534457372	0.2221960034	1.0	0.509756246547	14.1171573939
802	0.944575933567	3588.20219282	0.000469534457372	0.2221960034	1.0	0.509756246547	14.1171573939
803	0.948915913782	3522.90716496	0.000428948782086	0.197822926441	1.0	0.481583024461	14.1841343153
804	0.938670446071	2906.22283197	0.000325553588941	0.218481111484	1.0	0.325940384433	14.3663757814
805	0.95377549493	3372.99939345	0.000356125232991	0.140074989438	1.0	0.388993092328	13.9482760194
806	0.95377549493	3372.99939345	0.000356125232991	0.140074989438	1.0	0.388993092328	13.9482760194
807	0.94709665863	3334.225209	0.000255437188377	0.152942477923	1.0	0.260722665251	14.6181707808
808	0.94709665863	3334.225209	0.000255437188377	0.152942477923	1.0	0.260722665251	14.6181707808
809	0.946285642085	3468.02294612	0.000369159409931	0.237686013783	1.0	0.346793934879	15.0505870448
810	0.943120031206	3778.21881092	0.000365139978146	0.324364171078	1.0	0.342073494414	14.9190615521
811	0.943120031206	3778.21881092	0.000365139978146	0.324364171078	1.0	0.342073494414	14.9190615521
812	0.942487635264	4479.38983196	0.000376068188378	0.368804920594	1.0	0.384450278888	15.1937529464
813	0.948154435063	4885.64481136	0.00029424653859	0.367486037913	1.0	0.336839649229	14.1102027567
814	0.948154435063	4885.64481136	0.00029424653859	0.367486037913	1.0	0.336839649229	14.1102027567
815	0.948154435063	4885.64481136	0.00029424653859	0.367486037913	1.0	0.336839649229	14.1102027567
816	0.948154435063	4885.64481136	0.00029424653859	0.367486037913	1.0	0.336839649229	14.1102027567
817	0.943747407797	4635.47652356	0.000361270271764	0.363825268122	1.0	0.388714312561	14.0992271914
818	0.943747407797	4635.47652356	0.000361270271764	0.363825268122	1.0	0.388714312561	14.0992271914
819	0.943747407797	4635.47652356	0.000361270271764	0.363825268122	1.0	0.388714312561	14.0992271914
820	0.943747407797	4635.47652356	0.000361270271764	0.363825268122	1.0	0.388714312561	14.0992271914
821	0.943747407797	4635.47652356	0.000361270271764	0.363825268122	1.0	0.388714312561	14.0992271914
822	0.94654644186	4941.10288254	0.000268729312507	0.383292377585	1.0	0.286046414696	14.4138871149
823	0.94654644186	4941.10288254	0.000268729312507	0.383292377585	1.0	0.286046414696	14.4138871149
824	0.94417808883	4808.88448892	0.000244386221378	0.385993484151	1.0	0.223872153592	14.5998667598
825	0.94417808883	4808.88448892	0.000244386221378	0.385993484151	1.0	0.223872153592	14.5998667598
826	0.94417808883	4808.88448892	0.000244386221378	0.385993484151	1.0	0.223872153592	14.5998667598
827	0.94417808883	4808.88448892	0.000244386221378	0.385993484151	1.0	0.223872153592	14.5998667598
828	0.942162799606	4209.71454709	0.000274980614017	0.406821281565	1.0	0.197799250729	14.5810581829
829	0.91553757402	2633.0789904	0.000270961998633	0.319258592514	1.0	0.208581566934	14.9466568263
830	0.91553757402	2633.0789904	0.000270961998633	0.319258592514	1.0	0.208581566934	14.9466568263
831	0.944644197984	4598.02421563	0.000249023290029	0.369465617523	1.0	0.231820779414	14.5921956377
832	0.941877344086	5541.40100548	0.000305285718106	0.4395287608	1.0	0.457760539837	15.1905808894
833	0.946201271463	5855.58986759	0.00028885312742	0.385963035701	1.0	0.376357006923	14.9721607765
834	0.946201271463	5855.58986759	0.00028885312742	0.385963035701	1.0	0.376357006923	14.9721607765
835	0.946201271463	5855.58986759	0.00028885312742	0.385963035701	1.0	0.376357006923	14.9721607765
836	0.946201271463	5855.58986759	0.00028885312742	0.385963035701	1.0	0.376357006923	14.9721607765
837	0.946201271463	5855.58986759	0.00028885312742	0.385963035701	1.0	0.376357006923	14.9721607765
838	0.946201271463	5855.58986759	0.00028885312742	0.385963035701	1.0	0.376357006923	14.9721607765
839	0.946201271463	5855.58986759	0.00028885312742	0.385963035701	1.0	0.376357006923	14.9721607765
840	0.946201271463	5855.58986759	0.00028885312742	0.385963035701	1.0	0.376357006923	14.9721607765
841	0.946201271463	5855.58986759	0.00028885312742	0.385963035701	1.0	0.376357006923	14.9721607765
842	0.946107784904	5687.2757456	0.000266627258192	0.417219249588	1.0	0.370859758184	14.578447875
843	0.951691112871	5812.35307373	0.000254750146617	0.326592695257	1.0	0.370624519117	14.529954883
844	0.951691112871	5812.35307373	0.000254750146617	0.326592695257	1.0	0.370624519117	14.529954883
845	0.951691112871	5812.35307373	0.000254750146617	0.326592695257	1.0	0.370624519117	14.529954883
846	0.951691112871	5812.35307373	0.000254750146617	0.326592695257	1.0	0.370624519117	14.529954883
847	0.951691112871	5812.35307373	0.000254750146617	0.326592695257	1.0	0.370624519117	14.529954883
848	0.951691112871	5812.35307373	0.000254750146617	0.326592695257	1.0	0.370624519117	14.529954883
849	0.951691112871	5812.35307373	0.000254750146617	0.326592695257	1.0	0.370624519117	14.529954883
850	0.951691112871	5812.35307373	0.000254750146617	0.326592695257	1.0	0.370624519117	14.529954883
851	0.951691112871	5812.35307373	0.000254750146617	0.326592695257	1.0	0.370624519117	14.529954883
852	0.951691112871	5812.35307373	0.000254750146617	0.326592695257	1.0	0.370624519117	14.529954883
853	0.951691112871	5812.35307373	0.000254750146617	0.326592695257	1.0	0.370624519117	14.529954883
854	0.951691112871	5812.35307373	0.000254750146617	0.326592695257	1.0	0.370624519117	14.529954883
855	0.951691112871	5812.35307373	0.000254750146617	0.326592695257	1.0	0.370624519117	14.529954883
856	0.925861591521	4957.94712519	0.000264433015128	0.506559427821	1.0	0.397750515828	14.6439748607
857	0.925861591521	4957.94712519	0.000264433015128	0.506559427821	1.0	0.397750515828	14.6439748607
858	0.916164381585	5831.42355299	0.000214716357833	0.498278914318	1.0	0.52483704542	14.8686412525
859	0.947227031287	8333.47574459	0.000238137634781	0.470053718784	1.0	0.620812357608	14.8068898541
860	0.947227031287	8333.47574459	0.000238137634781	0.470053718784	1.0	0.620812357608	14.8068898541
861	0.951711461186	8627.84296279	0.000223290001568	0.455498769744	1.0	0.54535134555	14.3456439518
862	0.951711461186	8627.84296279	0.000223290001568	0.455498769744	1.0	0.54535134555	14.3456439518
863	0.951711461186	8627.84296279	0.000223290001568	0.455498769744	1.0	0.54535134555	14.3456439518
864	0.951711461186	8627.84296279	0.000223290001568	0.455498769744	1.0	0.54535134555	14.3456439518
865	0.951711461186	8627.84296279	0.000223290001568	0.455498769744	1.0	0.54535134555	14.3456439518
866	0.952202347983	8255.98834478	0.000212441075113	0.349112801753	1.0	0.47802640971	14.2964786885
867	0.952202347983	8255.98834478	0.000212441075113	0.349112801753	1.0	0.47802640971	14.2964786885
868	0.952719435996	9023.38510536	0.000183440354696	0.409862687674	1.0	0.491831290118	14.3397206899
869	0.952719435996	9023.38510536	0.000183440354696	0.409862687674	1.0	0.491831290118	14.3397206899
870	0.952719435996	9023.38510536	0.000183440354696	0.409862687674	1.0	0.491831290118	14.3397206899
871	0.952719435996	9023.38510536	0.000183440354696	0.409862687674	1.0	0.491831290118	14.3397206899
872	0.952719435996	9023.38510536	0.000183440354696	0.409862687674	1.0	0.491831290118	14.3397206899
873	0.952719435996	9023.38510536	0.000183440354696	0.409862687674	1.0	0.491831290118	14.3397206899
874	0.952719435996	9023.38510536	0.000183440354696	0.409862687674	1.0	0.491831290118	14.3397206899
875	0.942105206559	9372.58629409	0.000159367303604	0.449689988837	1.0	0.462169631478	13.8490974283
876	0.942105206559	9372.58629409	0.000159367303604	0.449689988837	1.0	0.462169631478	13.8490974283
877	0.942105206559	9372.58629409	0.000159367303604	0.449689988837	1.0	0.462169631478	13.8490974283
878	0.942105206559	9372.58629409	0.000159367303604	0.449689988837	1.0	0.462169631478	13.8490974283
879	0.942105206559	9372.58629409	0.000159367303604	0.449689988837	1.0	0.462169631478	13.8490974283
880	0.942105206559	9372.58629409	0.000159367303604	0.449689988837	1.0	0.462169631478	13.8490974283
881	0.938472113833	11023.0724721	0.000140259914957	0.549296482821	1.0	0.460480373104	14.1125675315
882	0.938472113833	11023.0724721	0.000140259914957	0.549296482821	1.0	0.460480373104	14.1125675315
883	0.938472113833	11023.0724721	0.000140259914957	0.549296482821	1.0	0.460480373104	14.1125675315
884	0.922894713411	9111.59546253	0.000118770294184	0.354707752369	1.0	0.511399956878	14.2492466744
885	0.922894713411	9111.59546253	0.000118770294184	0.354707752369	1.0	0.511399956878	14.2492466744
886	0.922894713411	9111.59546253	0.000118770294184	0.354707752369	1.0	0.511399956878	14.2492466744
887	0.922894713411	9111.59546253	0.000118770294184	0.354707752369	1.0	0.511399956878	14.2492466744
888	0.922894713411	9111.59546253	0.000118770294184	0.354707752369	1.0	0.511399956878	14.2492466744
889	0.923360398214	8131.06134306	0.000143698923289	0.428364320689	1.0	0.479291826913	14.6466864941
890	0.953022352234	9346.06815852	0.000137819858132	0.38837713483	1.0	0.317198622361	15.1105476341
891	0.953022352234	9346.06815852	0.000137819858132	0.38837713483	1.0	0.317198622361	15.1105476341
892	0.953022352234	9346.06815852	0.000137819858132	0.38837713483	1.0	0.317198622361	15.1105476341
893	0.953022352234	9346.06815852	0.000137819858132	0.38837713483	1.0	0.317198622361	15.1105476341
894	0.952670121957	10509.9812084	0.000133698055676	0.483068548164	1.0	0.286084826119	14.8392543158
895	0.952670121957	10509.9812084	0.000133698055676	0.483068548164	1.0	0.286084826119	14.8392543158
896	0.952512151326	9384.04362332	0.000129239316731	0.348663117954	1.0	0.306959632372	14.5064823322
897	0.952512151326	9384.04362332	0.000129239316731	0.348663117954	1.0	0.306959632372	14.5064823322
898	0.959489746336	15203.4693275	0.000107170097001	0.276194118219	1.0	0.559053661248	14.5730831457
899	0.959489746336	15203.4693275	0.000107170097001	0.276194118219	1.0	0.559053661248	14.5730831457
900	0.959489746336	15203.4693275	0.000107170097001	0.276194118219	1.0	0.559053661248	14.5730831457
901	0.959934555045	18742.8214426	8.38569722735e-05	0.270075474194	1.0	0.62813519294	14.4183777248
902	0.959934555045	18742.8214426	8.38569722735e-05	0.270075474194	1.0	0.62813519294	14.4183777248
903	0.959385545294	16513.0558639	9.25609086565e-05	0.242553612076	1.0	0.596842948716	14.8194627857
904	0.959385545294	16513.0558639	9.25609086565e-05	0.242553612076	1.0	0.596842948716	14.8194627857
905	0.959385545294	16513.0558639	9.25609086565e-05	0.242553612076	1.0	0.596842948716	14.8194627857
906	0.959385545294	16513.0558639	9.25609086565e-05	0.242553612076	1.0	0.596842948716	14.8194627857
907	0.962784523281	14735.9732683	9.78891597535e-05	0.230425961226	1.0	0.523776806853	14.8900936367
908	0.962784523281	14735.9732683	9.78891597535e-05	0.230425961226	1.0	0.523776806853	14.8900936367
909	0.962784523281	14735.9732683	9.78891597535e-05	0.230425961226	1.0	0.523776806853	14.8900936367
910	0.962784523281	14735.9732683	9.78891597535e-05	0.230425961226	1.0	0.523776806853	14.8900936367
911	0.962784523281	14735.9732683	9.78891597535e-05	0.230425961226	1.0	0.523776806853	14.8900936367
912	0.962784523281	14735.9732683	9.78891597535e-05	0.230425961226	1.0	0.523776806853	14.8900936367
913	0.962784523281	14735.9732683	9.78891597535e-05	0.230425961226	1.0	0.523776806853	14.8900936367
914	0.962784523281	14735.9732683	9.78891597535e-05	0.230425961226	1.0	0.523776806853	14.8900936367
915	0.962784523281	14735.9732683	9.78891597535e-05	0.230425961226	1.0	0.523776806853	14.8900936367
916	0.962784523281	14735.9732683	9.78891597535e-05	0.230425961226	1.0	0.523776806853	14.8900936367
917	0.962784523281	14735.9732683	9.78891597535e-05	0.230425961226	1.0	0.523776806853	14.8900936367
918	0.962784523281	14735.9732683	9.78891597535e-05	0.230425961226	1.0	0.523776806853	14.8900936367
919	0.962784523281	14735.9732683	9.78891597535e-05	0.230425961226	1.0	0.523776806853	14.8900936367
920	0.962784523281	14735.9732683	9.78891597535e-05	0.230425961226	1.0	0.523776806853	14.8900936367
921	0.962784523281	14735.9732683	9.78891597535e-05	0.230425961226	1.0	0.523776806853	14.8900936367
922	0.962784523281	14735.9732683	9.78891597535e-05	0.230425961226	1.0	0.523776806853	14.8900936367
923	0.962784523281	14735.9732683	9.78891597535e-05	0.230425961226	1.0	0.523776806853	14.8900936367
924	0.958987870441	13006.0000634	0.000119520603464	0.350626963278	1.0	0.514255402685	15.1754233712
925	0.958987870441	13006.0000634	0.000119520603464	0.350626963278	1.0	0.514255402685	15.1754233712
926	0.958987870441	13006.0000634	0.000119520603464	0.350626963278	1.0	0.514255402685	15.1754233712
927	0.958987870441	13006.0000634	0.000119520603464	0.350626963278	1.0	0.514255402685	15.1754233712
928	0.943825998404	13887.1352344	0.000100423079503	0.417761248549	1.0	0.50121199239	14.9280749165
929	0.943825998404	13887.1352344	0.000100423079503	0.417761248549	1.0	0.50121199239	14.9280749165
930	0.943825998404	13887.1352344	0.000100423079503	0.417761248549	1.0	0.50121199239	14.9280749165
931	0.947113053344	14300.6640921	9.19242174854e-05	0.272003277032	1.0	0.57500850237	14.993285586
932	0.947113053344	14300.6640921	9.19242174854e-05	0.272003277032	1.0	0.57500850237	14.993285586
933	0.947113053344	14300.6640921	9.19242174854e-05	0.272003277032	1.0	0.57500850237	14.993285586
934	0.940720334804	14354.1386436	8.30504949113e-05	0.401178837165	1.0	0.366152982401	14.9961153147
935	0.940720334804	14354.1386436	8.30504949113e-05	0.401178837165	1.0	0.366152982401	14.9961153147
936	0.940720334804	14354.1386436	8.30504949113e-05	0.401178837165	1.0	0.366152982401	14.9961153147
937	0.940720334804	14354.1386436	8.30504949113e-05	0.401178837165	1.0	0.366152982401	14.9961153147
938	0.956127216599	12379.9889892	0.00012098853393	0.43054432789	1.0	0.390698912426	14.8698952783
939	0.956127216599	12379.9889892	0.00012098853393	0.43054432789	1.0	0.390698912426	14.8698952783
940	0.956127216599	12379.9889892	0.00012098853393	0.43054432789	1.0	0.390698912426	14.8698952783
941	0.956127216599	12379.9889892	0.00012098853393	0.43054432789	1.0	0.390698912426	14.8698952783
942	0.958533109061	11538.8741242	0.000115230794312	0.308258751706	1.0	0.418682583899	14.4140259923
943	0.95546330006	14910.1099891	0.000115418658455	0.403520608012	1.0	0.468594346996	14.5054500381
944	0.95546330006	14910.1099891	0.000115418658455	0.403520608012	1.0	0.468594346996	14.5054500381
945	0.95546330006	14910.1099891	0.000115418658455	0.403520608012	1.0	0.468594346996	14.5054500381
946	0.95546330006	14910.1099891	0.000115418658455	0.403520608012	1.0	0.468594346996	14.5054500381
947	0.95546330006	14910.1099891	0.000115418658455	0.403520608012	1.0	0.468594346996	14.5054500381
948	0.95546330006	14910.1099891	0.000115418658455	0.4035206080